<?xml version="1.0" encoding="UTF-8"?>
<!-- Generated by org.testng.reporters.JUnitXMLReporter -->
<testsuite hostname="iDeliver20-PC" name="Test" tests="4" failures="0" timestamp="10 Nov 2020 17:23:13 GMT" time="59.707" errors="0">
  <testcase name="LoginTest" time="9.245" classname="com.AP.qa.test.TC001_Single_Product_Checkout"/>
  <testcase name="BookingTest" time="6.767" classname="com.AP.qa.test.TC001_Single_Product_Checkout"/>
  <testcase name="PaymentTest" time="9.748" classname="com.AP.qa.test.TC001_Single_Product_Checkout"/>
  <testcase name="LogoutTest" time="3.917" classname="com.AP.qa.test.TC001_Single_Product_Checkout"/>
</testsuite> <!-- Test -->
