<?xml version="1.0" encoding="UTF-8"?>
<!-- Generated by org.testng.reporters.JUnitXMLReporter -->
<testsuite hostname="ideliver29" name="Test2" tests="3" failures="0" timestamp="14 Apr 2020 13:08:37 GMT" time="47.533" errors="0">
  <testcase name="LoginTest" time="7.871" classname="com.AP.qa.test.TC002_Multiple_Products_Checkout"/>
  <testcase name="MultiplePro" time="7.815" classname="com.AP.qa.test.TC002_Multiple_Products_Checkout"/>
  <testcase name="PaymentTest" time="11.275" classname="com.AP.qa.test.TC002_Multiple_Products_Checkout"/>
</testsuite> <!-- Test2 -->
