<?xml version="1.0" encoding="UTF-8"?>
<!-- Generated by org.testng.reporters.JUnitXMLReporter -->
<testsuite hostname="AVI26" name="Test3" tests="4" failures="0" timestamp="20 Apr 2020 17:43:33 GMT" time="82.016" errors="0">
  <testcase name="LoginTest" time="13.99" classname="com.AP.qa.test.TC003_Reorder_Products_Checkout"/>
  <testcase name="ReorderTest" time="23.302" classname="com.AP.qa.test.TC003_Reorder_Products_Checkout"/>
  <testcase name="PaymentTest" time="16.615" classname="com.AP.qa.test.TC003_Reorder_Products_Checkout"/>
  <testcase name="LogoutTest" time="5.283" classname="com.AP.qa.test.TC003_Reorder_Products_Checkout"/>
</testsuite> <!-- Test3 -->
