<?xml version="1.0" encoding="UTF-8"?>
<!-- Generated by org.testng.reporters.JUnitXMLReporter -->
<testsuite hostname="AVI26" name="Test5" tests="3" failures="0" timestamp="20 Apr 2020 17:45:37 GMT" time="64.547" errors="0">
  <testcase name="BookingTest" time="13.254" classname="com.AP.qa.test.TC005_Multiple_Products_WithoutLogin_Checkout"/>
  <testcase name="PaymentTest" time="22.415" classname="com.AP.qa.test.TC005_Multiple_Products_WithoutLogin_Checkout"/>
  <testcase name="LogoutTest" time="4.267" classname="com.AP.qa.test.TC005_Multiple_Products_WithoutLogin_Checkout"/>
</testsuite> <!-- Test5 -->
