<?xml version="1.0" encoding="UTF-8"?>
<!-- Generated by org.testng.reporters.JUnitXMLReporter -->
<testsuite hostname="AVI26" name="Test5" tests="3" failures="0" timestamp="20 Apr 2020 09:55:56 GMT" time="49.262" errors="0">
  <testcase name="BookingTest" time="11.065" classname="com.AP.qa.test.TC005_Multiple_Products_WithoutLogin_Checkout_5"/>
  <testcase name="PaymentTest" time="19.066" classname="com.AP.qa.test.TC005_Multiple_Products_WithoutLogin_Checkout_5"/>
  <testcase name="LogoutTest" time="4.101" classname="com.AP.qa.test.TC005_Multiple_Products_WithoutLogin_Checkout_5"/>
</testsuite> <!-- Test5 -->
