<?xml version="1.0" encoding="UTF-8"?>
<!-- Generated by org.testng.reporters.JUnitXMLReporter -->
<testsuite hostname="AVI26" name="Test4" tests="3" failures="0" timestamp="28 Apr 2020 15:28:59 GMT" time="63.182" errors="0">
  <testcase name="BookingTest" time="19.923" classname="com.AP.qa.test.TC004_Single_Products_WithoutLogin_Checkout_4"/>
  <testcase name="PaymentTest" time="20.3" classname="com.AP.qa.test.TC004_Single_Products_WithoutLogin_Checkout_4"/>
  <testcase name="LogoutTest" time="3.555" classname="com.AP.qa.test.TC004_Single_Products_WithoutLogin_Checkout_4"/>
</testsuite> <!-- Test4 -->
