<?xml version="1.0" encoding="UTF-8"?>
<!-- Generated by org.testng.reporters.JUnitXMLReporter -->
<testsuite hostname="AVI26" name="Test1" tests="4" failures="0" timestamp="21 Apr 2020 04:36:29 GMT" time="76.147" errors="0">
  <testcase name="@BeforeClass init" time="0.0" classname="com.AP.qa.test.TC001_Single_Product_Checkout">
    <failure type="java.lang.NullPointerException">
      <![CDATA[java.lang.NullPointerException
	at com.AP.qa.test.TC001_Single_Product_Checkout.init(TC001_Single_Product_Checkout.java:28)
... Removed 24 stack frames]]>
    </failure>
  </testcase> <!-- @BeforeClass init -->
  <testcase name="@AfterClass Flush" time="0.0" classname="com.AP.qa.test.TC001_Single_Product_Checkout">
    <skipped/>
  </testcase> <!-- @AfterClass Flush -->
  <testcase name="LoginTest" time="0.003" classname="com.AP.qa.test.TC001_Single_Product_Checkout">
    <skipped/>
  </testcase> <!-- LoginTest -->
  <testcase name="BookingTest" time="0.004" classname="com.AP.qa.test.TC001_Single_Product_Checkout">
    <skipped/>
  </testcase> <!-- BookingTest -->
  <testcase name="PaymentTest" time="0.002" classname="com.AP.qa.test.TC001_Single_Product_Checkout">
    <skipped/>
  </testcase> <!-- PaymentTest -->
  <testcase name="LogoutTest" time="0.002" classname="com.AP.qa.test.TC001_Single_Product_Checkout">
    <skipped/>
  </testcase> <!-- LogoutTest -->
</testsuite> <!-- Test1 -->
