<?xml version="1.0" encoding="UTF-8"?>
<!-- Generated by org.testng.reporters.JUnitXMLReporter -->
<testsuite hostname="iDeliver20-PC" name="Test4" tests="3" failures="0" timestamp="29 Apr 2020 14:25:35 GMT" time="128.349" errors="0">
  <testcase name="BookingTest" time="31.579" classname="com.AP.qa.test.TC005_Multiple_Products_WithoutLogin_Checkout_5"/>
  <testcase name="PaymentTest" time="56.605" classname="com.AP.qa.test.TC005_Multiple_Products_WithoutLogin_Checkout_5"/>
  <testcase name="LogoutTest" time="4.431" classname="com.AP.qa.test.TC005_Multiple_Products_WithoutLogin_Checkout_5"/>
</testsuite> <!-- Test4 -->
