<?xml version="1.0" encoding="UTF-8"?>
<!-- Generated by org.testng.reporters.JUnitXMLReporter -->
<testsuite hostname="iDeliver20-PC" name="Test" tests="4" failures="0" timestamp="6 Nov 2020 16:14:40 GMT" time="67.439" errors="0">
  <testcase name="LoginTest" time="12.263" classname="com.AP.qa.test.TC001_Single_Product_Checkout1"/>
  <testcase name="BookingTest" time="7.737" classname="com.AP.qa.test.TC001_Single_Product_Checkout1"/>
  <testcase name="PaymentTest" time="19.265" classname="com.AP.qa.test.TC001_Single_Product_Checkout1"/>
  <testcase name="LogoutTest" time="5.475" classname="com.AP.qa.test.TC001_Single_Product_Checkout1"/>
</testsuite> <!-- Test -->
