<?xml version="1.0" encoding="UTF-8"?>
<!-- Generated by org.testng.reporters.JUnitXMLReporter -->
<testsuite hostname="ideliver29" name="Test" tests="3" failures="0" timestamp="28 Feb 2020 11:23:16 GMT" time="13.548" errors="0">
  <testcase name="@BeforeTest setUp" time="0.0" classname="com.AP.qa.test.APTest">
    <failure type="java.lang.NullPointerException" message="null value in entry: url=null">
      <![CDATA[java.lang.NullPointerException: null value in entry: url=null
	at com.google.common.collect.CollectPreconditions.checkEntryNotNull(CollectPreconditions.java:32)
	at com.google.common.collect.SingletonImmutableBiMap.<init>(SingletonImmutableBiMap.java:42)
	at com.google.common.collect.ImmutableBiMap.of(ImmutableBiMap.java:72)
	at com.google.common.collect.ImmutableMap.of(ImmutableMap.java:124)
	at org.openqa.selenium.remote.RemoteWebDriver.get(RemoteWebDriver.java:277)
	at org.openqa.selenium.remote.RemoteWebDriver$RemoteNavigation.to(RemoteWebDriver.java:857)
	at com.AP.qa.base.TestBase.initialization(TestBase.java:70)
	at com.AP.qa.test.APTest.setUp(APTest.java:25)
	at java.util.concurrent.FutureTask.run(FutureTask.java:266)
	at java.util.concurrent.ThreadPoolExecutor.runWorker(ThreadPoolExecutor.java:1149)
	at java.util.concurrent.ThreadPoolExecutor$Worker.run(ThreadPoolExecutor.java:624)
	at java.lang.Thread.run(Thread.java:748)
... Removed 14 stack frames]]>
    </failure>
  </testcase> <!-- @BeforeTest setUp -->
  <testcase name="@AfterTest Flush" time="0.0" classname="com.AP.qa.test.APTest">
    <skipped/>
  </testcase> <!-- @AfterTest Flush -->
  <testcase name="LoginTest" time="0.0" classname="com.AP.qa.test.APTest">
    <skipped/>
  </testcase> <!-- LoginTest -->
  <testcase name="BookingTest" time="0.001" classname="com.AP.qa.test.APTest">
    <skipped/>
  </testcase> <!-- BookingTest -->
  <testcase name="PaymentTest" time="0.0" classname="com.AP.qa.test.APTest">
    <skipped/>
  </testcase> <!-- PaymentTest -->
</testsuite> <!-- Test -->
