<?xml version="1.0" encoding="UTF-8"?>
<testsuite name="TestSuite" time="44.733" tests="4" errors="0" skipped="0" failures="0">
  <properties>
[...]
</properties>
  <testcase name="LoginTest" classname="com.AP.qa.test.TC001_Single_Product_Checkout1" time="12.254"/>
  <testcase name="BookingTest" classname="com.AP.qa.test.TC001_Single_Product_Checkout1" time="7.738"/>
  <testcase name="PaymentTest" classname="com.AP.qa.test.TC001_Single_Product_Checkout1" time="19.272"/>
  <testcase name="LogoutTest" classname="com.AP.qa.test.TC001_Single_Product_Checkout1" time="5.469"/>
</testsuite>