<?xml version="1.0" encoding="UTF-8"?>
<testng-results skipped="0" failed="0" total="4" passed="4">
  <reporter-output>
    <line>
      <![CDATA[Before navigating to: 'http://automationpractice.com/index.php']]>
    </line>
    <line>
      <![CDATA[Navigated to:'http://automationpractice.com/index.php']]>
    </line>
    <line>
      <![CDATA[Trying to find Element By : By.xpath: //a[@class='login']]]>
    </line>
    <line>
      <![CDATA[Found Element By : By.xpath: //a[@class='login']]]>
    </line>
    <line>
      <![CDATA[Trying to click on: [[ChromeDriver: chrome on WINDOWS (dd67b5dbbaa37ee1a5ca4305a8e3fa75)] -> xpath: //a[@class='login']]]]>
    </line>
    <line>
      <![CDATA[Clicked on: [[ChromeDriver: chrome on WINDOWS (dd67b5dbbaa37ee1a5ca4305a8e3fa75)] -> xpath: //a[@class='login']]]]>
    </line>
    <line>
      <![CDATA[Trying to find Element By : By.xpath: //input[@id='email']]]>
    </line>
    <line>
      <![CDATA[Found Element By : By.xpath: //input[@id='email']]]>
    </line>
    <line>
      <![CDATA[Trying to find Element By : By.xpath: //input[@id='passwd']]]>
    </line>
    <line>
      <![CDATA[Found Element By : By.xpath: //input[@id='passwd']]]>
    </line>
    <line>
      <![CDATA[Trying to find Element By : By.xpath: //button[@id='SubmitLogin']]]>
    </line>
    <line>
      <![CDATA[Found Element By : By.xpath: //button[@id='SubmitLogin']]]>
    </line>
    <line>
      <![CDATA[Trying to click on: [[ChromeDriver: chrome on WINDOWS (dd67b5dbbaa37ee1a5ca4305a8e3fa75)] -> xpath: //button[@id='SubmitLogin']]]]>
    </line>
    <line>
      <![CDATA[Clicked on: [[ChromeDriver: chrome on WINDOWS (dd67b5dbbaa37ee1a5ca4305a8e3fa75)] -> xpath: //button[@id='SubmitLogin']]]]>
    </line>
    <line>
      <![CDATA[Trying to find Element By : By.xpath: //img[@class='logo img-responsive']]]>
    </line>
    <line>
      <![CDATA[Found Element By : By.xpath: //img[@class='logo img-responsive']]]>
    </line>
    <line>
      <![CDATA[Trying to click on: [[ChromeDriver: chrome on WINDOWS (dd67b5dbbaa37ee1a5ca4305a8e3fa75)] -> xpath: //img[@class='logo img-responsive']]]]>
    </line>
    <line>
      <![CDATA[Clicked on: [[ChromeDriver: chrome on WINDOWS (dd67b5dbbaa37ee1a5ca4305a8e3fa75)] -> xpath: //img[@class='logo img-responsive']]]]>
    </line>
    <line>
      <![CDATA[Trying to find Element By : By.xpath: //span[contains(text(),'tester demo')]]]>
    </line>
    <line>
      <![CDATA[Found Element By : By.xpath: //span[contains(text(),'tester demo')]]]>
    </line>
    <line>
      <![CDATA[Trying to find Element By : By.xpath: //ul[@id='homefeatured']//li[@class='ajax_block_product col-xs-12 col-sm-4 col-md-3 first-in-line first-item-of-tablet-line first-item-of-mobile-line']//div[@class='product-image-container']]]>
    </line>
    <line>
      <![CDATA[Found Element By : By.xpath: //ul[@id='homefeatured']//li[@class='ajax_block_product col-xs-12 col-sm-4 col-md-3 first-in-line first-item-of-tablet-line first-item-of-mobile-line']//div[@class='product-image-container']]]>
    </line>
    <line>
      <![CDATA[Trying to find Element By : By.xpath: //li[@class='ajax_block_product col-xs-12 col-sm-4 col-md-3 first-in-line first-item-of-tablet-line first-item-of-mobile-line hovered']//a[@class='product-name'][contains(text(),'Faded Short Sleeve T-shirts')]]]>
    </line>
    <line>
      <![CDATA[Found Element By : By.xpath: //li[@class='ajax_block_product col-xs-12 col-sm-4 col-md-3 first-in-line first-item-of-tablet-line first-item-of-mobile-line hovered']//a[@class='product-name'][contains(text(),'Faded Short Sleeve T-shirts')]]]>
    </line>
    <line>
      <![CDATA[Trying to click on: [[ChromeDriver: chrome on WINDOWS (dd67b5dbbaa37ee1a5ca4305a8e3fa75)] -> xpath: //li[@class='ajax_block_product col-xs-12 col-sm-4 col-md-3 first-in-line first-item-of-tablet-line first-item-of-mobile-line hovered']//a[@class='product-name'][contains(text(),'Faded Short Sleeve T-shirts')]]]]>
    </line>
    <line>
      <![CDATA[Clicked on: [[ChromeDriver: chrome on WINDOWS (dd67b5dbbaa37ee1a5ca4305a8e3fa75)] -> xpath: //li[@class='ajax_block_product col-xs-12 col-sm-4 col-md-3 first-in-line first-item-of-tablet-line first-item-of-mobile-line hovered']//a[@class='product-name'][contains(text(),'Faded Short Sleeve T-shirts')]]]]>
    </line>
    <line>
      <![CDATA[Trying to find Element By : By.xpath: //input[@id='quantity_wanted']]]>
    </line>
    <line>
      <![CDATA[Found Element By : By.xpath: //input[@id='quantity_wanted']]]>
    </line>
    <line>
      <![CDATA[Trying to find Element By : By.xpath: //input[@id='quantity_wanted']]]>
    </line>
    <line>
      <![CDATA[Found Element By : By.xpath: //input[@id='quantity_wanted']]]>
    </line>
    <line>
      <![CDATA[Trying to find Element By : By.xpath: //input[@id='quantity_wanted']]]>
    </line>
    <line>
      <![CDATA[Found Element By : By.xpath: //input[@id='quantity_wanted']]]>
    </line>
    <line>
      <![CDATA[Trying to find Element By : By.xpath: //div[@id='uniform-group_1']//following-sibling::option]]>
    </line>
    <line>
      <![CDATA[Found Element By : By.xpath: //div[@id='uniform-group_1']//following-sibling::option]]>
    </line>
    <line>
      <![CDATA[Trying to find Element By : By.xpath: //div[@id='uniform-group_1']//following-sibling::option]]>
    </line>
    <line>
      <![CDATA[Found Element By : By.xpath: //div[@id='uniform-group_1']//following-sibling::option]]>
    </line>
    <line>
      <![CDATA[Trying to find Element By : By.xpath: //div[@id='uniform-group_1']//following-sibling::option]]>
    </line>
    <line>
      <![CDATA[Found Element By : By.xpath: //div[@id='uniform-group_1']//following-sibling::option]]>
    </line>
    <line>
      <![CDATA[Trying to find Element By : By.xpath: //div[@id='uniform-group_1']//following-sibling::option]]>
    </line>
    <line>
      <![CDATA[Found Element By : By.xpath: //div[@id='uniform-group_1']//following-sibling::option]]>
    </line>
    <line>
      <![CDATA[Trying to find Element By : By.xpath: //div[@id='uniform-group_1']//following-sibling::option]]>
    </line>
    <line>
      <![CDATA[Found Element By : By.xpath: //div[@id='uniform-group_1']//following-sibling::option]]>
    </line>
    <line>
      <![CDATA[Trying to find Element By : By.xpath: //div[@id='uniform-group_1']//following-sibling::option]]>
    </line>
    <line>
      <![CDATA[Found Element By : By.xpath: //div[@id='uniform-group_1']//following-sibling::option]]>
    </line>
    <line>
      <![CDATA[Trying to find Element By : By.xpath: //div[@id='uniform-group_1']//following-sibling::option]]>
    </line>
    <line>
      <![CDATA[Found Element By : By.xpath: //div[@id='uniform-group_1']//following-sibling::option]]>
    </line>
    <line>
      <![CDATA[Trying to find Element By : By.xpath: //div[@id='uniform-group_1']//following-sibling::option]]>
    </line>
    <line>
      <![CDATA[Found Element By : By.xpath: //div[@id='uniform-group_1']//following-sibling::option]]>
    </line>
    <line>
      <![CDATA[Trying to click on: [[ChromeDriver: chrome on WINDOWS (dd67b5dbbaa37ee1a5ca4305a8e3fa75)] -> xpath: //div[@id='uniform-group_1']//following-sibling::option]]]>
    </line>
    <line>
      <![CDATA[Clicked on: [[ChromeDriver: chrome on WINDOWS (dd67b5dbbaa37ee1a5ca4305a8e3fa75)] -> xpath: //div[@id='uniform-group_1']//following-sibling::option]]]>
    </line>
    <line>
      <![CDATA[Trying to find Element By : By.xpath: //span[contains(text(),'Add to cart')]]]>
    </line>
    <line>
      <![CDATA[Found Element By : By.xpath: //span[contains(text(),'Add to cart')]]]>
    </line>
    <line>
      <![CDATA[Trying to click on: [[ChromeDriver: chrome on WINDOWS (dd67b5dbbaa37ee1a5ca4305a8e3fa75)] -> xpath: //span[contains(text(),'Add to cart')]]]]>
    </line>
    <line>
      <![CDATA[Clicked on: [[ChromeDriver: chrome on WINDOWS (dd67b5dbbaa37ee1a5ca4305a8e3fa75)] -> xpath: //span[contains(text(),'Add to cart')]]]]>
    </line>
    <line>
      <![CDATA[Trying to find Element By : By.xpath: //span[contains(text(),'Proceed to checkout')]]]>
    </line>
    <line>
      <![CDATA[Found Element By : By.xpath: //span[contains(text(),'Proceed to checkout')]]]>
    </line>
    <line>
      <![CDATA[Trying to find Element By : By.xpath: //span[contains(text(),'Proceed to checkout')]]]>
    </line>
    <line>
      <![CDATA[Found Element By : By.xpath: //span[contains(text(),'Proceed to checkout')]]]>
    </line>
    <line>
      <![CDATA[Trying to click on: [[ChromeDriver: chrome on WINDOWS (dd67b5dbbaa37ee1a5ca4305a8e3fa75)] -> xpath: //span[contains(text(),'Proceed to checkout')]]]]>
    </line>
    <line>
      <![CDATA[Clicked on: [[ChromeDriver: chrome on WINDOWS (dd67b5dbbaa37ee1a5ca4305a8e3fa75)] -> xpath: //span[contains(text(),'Proceed to checkout')]]]]>
    </line>
    <line>
      <![CDATA[Trying to find Element By : By.xpath: //span[contains(@id,'total_product_price')]]]>
    </line>
    <line>
      <![CDATA[Found Element By : By.xpath: //span[contains(@id,'total_product_price')]]]>
    </line>
    <line>
      <![CDATA[Trying to find Element By : By.xpath: //span[contains(@id,'total_product_price')]]]>
    </line>
    <line>
      <![CDATA[Found Element By : By.xpath: //span[contains(@id,'total_product_price')]]]>
    </line>
    <line>
      <![CDATA[Trying to find Element By : By.xpath: //span[contains(@id,'total_product_price')]]]>
    </line>
    <line>
      <![CDATA[Found Element By : By.xpath: //span[contains(@id,'total_product_price')]]]>
    </line>
    <line>
      <![CDATA[Trying to find Element By : By.xpath: //td[@id='total_shipping']]]>
    </line>
    <line>
      <![CDATA[Found Element By : By.xpath: //td[@id='total_shipping']]]>
    </line>
    <line>
      <![CDATA[Trying to find Element By : By.xpath: //span[@id='total_price']]]>
    </line>
    <line>
      <![CDATA[Found Element By : By.xpath: //span[@id='total_price']]]>
    </line>
    <line>
      <![CDATA[CheckOut Price  Validation     35.02 is equal to 35.02]]>
    </line>
    <line>
      <![CDATA[Trying to find Element By : By.xpath: //a[@class='button btn btn-default standard-checkout button-medium']//span[contains(text(),'Proceed to checkout')]]]>
    </line>
    <line>
      <![CDATA[Found Element By : By.xpath: //a[@class='button btn btn-default standard-checkout button-medium']//span[contains(text(),'Proceed to checkout')]]]>
    </line>
    <line>
      <![CDATA[Trying to click on: [[ChromeDriver: chrome on WINDOWS (dd67b5dbbaa37ee1a5ca4305a8e3fa75)] -> xpath: //a[@class='button btn btn-default standard-checkout button-medium']//span[contains(text(),'Proceed to checkout')]]]]>
    </line>
    <line>
      <![CDATA[Clicked on: [[ChromeDriver: chrome on WINDOWS (dd67b5dbbaa37ee1a5ca4305a8e3fa75)] -> xpath: //a[@class='button btn btn-default standard-checkout button-medium']//span[contains(text(),'Proceed to checkout')]]]]>
    </line>
    <line>
      <![CDATA[Trying to find Element By : By.xpath: //button[@name='processAddress']//span[contains(text(),'Proceed to checkout')]]]>
    </line>
    <line>
      <![CDATA[Found Element By : By.xpath: //button[@name='processAddress']//span[contains(text(),'Proceed to checkout')]]]>
    </line>
    <line>
      <![CDATA[Trying to click on: [[ChromeDriver: chrome on WINDOWS (dd67b5dbbaa37ee1a5ca4305a8e3fa75)] -> xpath: //button[@name='processAddress']//span[contains(text(),'Proceed to checkout')]]]]>
    </line>
    <line>
      <![CDATA[Clicked on: [[ChromeDriver: chrome on WINDOWS (dd67b5dbbaa37ee1a5ca4305a8e3fa75)] -> xpath: //button[@name='processAddress']//span[contains(text(),'Proceed to checkout')]]]]>
    </line>
    <line>
      <![CDATA[Trying to find Element By : By.xpath: //input[@id='cgv']]]>
    </line>
    <line>
      <![CDATA[Found Element By : By.xpath: //input[@id='cgv']]]>
    </line>
    <line>
      <![CDATA[Trying to click on: [[ChromeDriver: chrome on WINDOWS (dd67b5dbbaa37ee1a5ca4305a8e3fa75)] -> xpath: //input[@id='cgv']]]]>
    </line>
    <line>
      <![CDATA[Clicked on: [[ChromeDriver: chrome on WINDOWS (dd67b5dbbaa37ee1a5ca4305a8e3fa75)] -> xpath: //input[@id='cgv']]]]>
    </line>
    <line>
      <![CDATA[Trying to find Element By : By.xpath: //button[@name='processCarrier']//span[contains(text(),'Proceed to checkout')]]]>
    </line>
    <line>
      <![CDATA[Found Element By : By.xpath: //button[@name='processCarrier']//span[contains(text(),'Proceed to checkout')]]]>
    </line>
    <line>
      <![CDATA[Trying to click on: [[ChromeDriver: chrome on WINDOWS (dd67b5dbbaa37ee1a5ca4305a8e3fa75)] -> xpath: //button[@name='processCarrier']//span[contains(text(),'Proceed to checkout')]]]]>
    </line>
    <line>
      <![CDATA[Clicked on: [[ChromeDriver: chrome on WINDOWS (dd67b5dbbaa37ee1a5ca4305a8e3fa75)] -> xpath: //button[@name='processCarrier']//span[contains(text(),'Proceed to checkout')]]]]>
    </line>
    <line>
      <![CDATA[Trying to find Element By : By.xpath: //span[@id='total_price']]]>
    </line>
    <line>
      <![CDATA[Found Element By : By.xpath: //span[@id='total_price']]]>
    </line>
    <line>
      <![CDATA[Trying to find Element By : By.xpath: //a[@class='bankwire']]]>
    </line>
    <line>
      <![CDATA[Found Element By : By.xpath: //a[@class='bankwire']]]>
    </line>
    <line>
      <![CDATA[Trying to click on: [[ChromeDriver: chrome on WINDOWS (dd67b5dbbaa37ee1a5ca4305a8e3fa75)] -> xpath: //a[@class='bankwire']]]]>
    </line>
    <line>
      <![CDATA[Clicked on: [[ChromeDriver: chrome on WINDOWS (dd67b5dbbaa37ee1a5ca4305a8e3fa75)] -> xpath: //a[@class='bankwire']]]]>
    </line>
    <line>
      <![CDATA[Trying to find Element By : By.xpath: //span[contains(text(),'I confirm my order')]]]>
    </line>
    <line>
      <![CDATA[Found Element By : By.xpath: //span[contains(text(),'I confirm my order')]]]>
    </line>
    <line>
      <![CDATA[Trying to click on: [[ChromeDriver: chrome on WINDOWS (dd67b5dbbaa37ee1a5ca4305a8e3fa75)] -> xpath: //span[contains(text(),'I confirm my order')]]]]>
    </line>
    <line>
      <![CDATA[Clicked on: [[ChromeDriver: chrome on WINDOWS (dd67b5dbbaa37ee1a5ca4305a8e3fa75)] -> xpath: //span[contains(text(),'I confirm my order')]]]]>
    </line>
    <line>
      <![CDATA[Trying to find Element By : By.xpath: //span[@class='price']]]>
    </line>
    <line>
      <![CDATA[Found Element By : By.xpath: //span[@class='price']]]>
    </line>
    <line>
      <![CDATA[Final Price Validation Validation     35.02 is equal to 35.02]]>
    </line>
    <line>
      <![CDATA[Trying to find Element By : By.xpath: //a[@class='logout']]]>
    </line>
    <line>
      <![CDATA[Found Element By : By.xpath: //a[@class='logout']]]>
    </line>
    <line>
      <![CDATA[Trying to click on: [[ChromeDriver: chrome on WINDOWS (dd67b5dbbaa37ee1a5ca4305a8e3fa75)] -> xpath: //a[@class='logout']]]]>
    </line>
    <line>
      <![CDATA[Clicked on: [[ChromeDriver: chrome on WINDOWS (dd67b5dbbaa37ee1a5ca4305a8e3fa75)] -> xpath: //a[@class='logout']]]]>
    </line>
    <line>
      <![CDATA[Trying to find Element By : By.xpath: //div[@class='header_user_info']]]>
    </line>
    <line>
      <![CDATA[Found Element By : By.xpath: //div[@class='header_user_info']]]>
    </line>
    <line>
      <![CDATA[Logout successfull]]>
    </line>
  </reporter-output>
  <suite name="Suite" duration-ms="67439" started-at="2020-11-06T16:13:33Z" finished-at="2020-11-06T16:14:40Z">
    <groups>
    </groups>
    <test name="Test" duration-ms="67439" started-at="2020-11-06T16:13:33Z" finished-at="2020-11-06T16:14:40Z">
      <class name="com.AP.qa.test.TC001_Single_Product_Checkout1">
        <test-method status="PASS" signature="init(java.lang.String)[pri:0, instance:com.AP.qa.test.TC001_Single_Product_Checkout1@11438d26]" name="init" is-config="true" duration-ms="21510" started-at="2020-11-06T21:43:33Z" finished-at="2020-11-06T21:43:54Z">
          <params>
            <param index="0">
              <value>
                <![CDATA[chrome]]>
              </value>
            </param>
          </params>
          <reporter-output>
            <line>
              <![CDATA[Before navigating to: 'http://automationpractice.com/index.php']]>
            </line>
            <line>
              <![CDATA[Navigated to:'http://automationpractice.com/index.php']]>
            </line>
          </reporter-output>
        </test-method> <!-- init -->
        <test-method status="PASS" signature="LoginTest()[pri:1, instance:com.AP.qa.test.TC001_Single_Product_Checkout1@11438d26]" name="LoginTest" duration-ms="12263" started-at="2020-11-06T21:43:54Z" finished-at="2020-11-06T21:44:07Z">
          <reporter-output>
            <line>
              <![CDATA[Trying to find Element By : By.xpath: //a[@class='login']]]>
            </line>
            <line>
              <![CDATA[Found Element By : By.xpath: //a[@class='login']]]>
            </line>
            <line>
              <![CDATA[Trying to click on: [[ChromeDriver: chrome on WINDOWS (dd67b5dbbaa37ee1a5ca4305a8e3fa75)] -> xpath: //a[@class='login']]]]>
            </line>
            <line>
              <![CDATA[Clicked on: [[ChromeDriver: chrome on WINDOWS (dd67b5dbbaa37ee1a5ca4305a8e3fa75)] -> xpath: //a[@class='login']]]]>
            </line>
            <line>
              <![CDATA[Trying to find Element By : By.xpath: //input[@id='email']]]>
            </line>
            <line>
              <![CDATA[Found Element By : By.xpath: //input[@id='email']]]>
            </line>
            <line>
              <![CDATA[Trying to find Element By : By.xpath: //input[@id='passwd']]]>
            </line>
            <line>
              <![CDATA[Found Element By : By.xpath: //input[@id='passwd']]]>
            </line>
            <line>
              <![CDATA[Trying to find Element By : By.xpath: //button[@id='SubmitLogin']]]>
            </line>
            <line>
              <![CDATA[Found Element By : By.xpath: //button[@id='SubmitLogin']]]>
            </line>
            <line>
              <![CDATA[Trying to click on: [[ChromeDriver: chrome on WINDOWS (dd67b5dbbaa37ee1a5ca4305a8e3fa75)] -> xpath: //button[@id='SubmitLogin']]]]>
            </line>
            <line>
              <![CDATA[Clicked on: [[ChromeDriver: chrome on WINDOWS (dd67b5dbbaa37ee1a5ca4305a8e3fa75)] -> xpath: //button[@id='SubmitLogin']]]]>
            </line>
            <line>
              <![CDATA[Trying to find Element By : By.xpath: //img[@class='logo img-responsive']]]>
            </line>
            <line>
              <![CDATA[Found Element By : By.xpath: //img[@class='logo img-responsive']]]>
            </line>
            <line>
              <![CDATA[Trying to click on: [[ChromeDriver: chrome on WINDOWS (dd67b5dbbaa37ee1a5ca4305a8e3fa75)] -> xpath: //img[@class='logo img-responsive']]]]>
            </line>
            <line>
              <![CDATA[Clicked on: [[ChromeDriver: chrome on WINDOWS (dd67b5dbbaa37ee1a5ca4305a8e3fa75)] -> xpath: //img[@class='logo img-responsive']]]]>
            </line>
            <line>
              <![CDATA[Trying to find Element By : By.xpath: //span[contains(text(),'tester demo')]]]>
            </line>
            <line>
              <![CDATA[Found Element By : By.xpath: //span[contains(text(),'tester demo')]]]>
            </line>
          </reporter-output>
        </test-method> <!-- LoginTest -->
        <test-method status="PASS" signature="BookingTest(java.lang.String)[pri:2, instance:com.AP.qa.test.TC001_Single_Product_Checkout1@11438d26]" name="BookingTest" duration-ms="7737" started-at="2020-11-06T21:44:07Z" finished-at="2020-11-06T21:44:14Z">
          <params>
            <param index="0">
              <value>
                <![CDATA[Single]]>
              </value>
            </param>
          </params>
          <reporter-output>
            <line>
              <![CDATA[Trying to find Element By : By.xpath: //ul[@id='homefeatured']//li[@class='ajax_block_product col-xs-12 col-sm-4 col-md-3 first-in-line first-item-of-tablet-line first-item-of-mobile-line']//div[@class='product-image-container']]]>
            </line>
            <line>
              <![CDATA[Found Element By : By.xpath: //ul[@id='homefeatured']//li[@class='ajax_block_product col-xs-12 col-sm-4 col-md-3 first-in-line first-item-of-tablet-line first-item-of-mobile-line']//div[@class='product-image-container']]]>
            </line>
            <line>
              <![CDATA[Trying to find Element By : By.xpath: //li[@class='ajax_block_product col-xs-12 col-sm-4 col-md-3 first-in-line first-item-of-tablet-line first-item-of-mobile-line hovered']//a[@class='product-name'][contains(text(),'Faded Short Sleeve T-shirts')]]]>
            </line>
            <line>
              <![CDATA[Found Element By : By.xpath: //li[@class='ajax_block_product col-xs-12 col-sm-4 col-md-3 first-in-line first-item-of-tablet-line first-item-of-mobile-line hovered']//a[@class='product-name'][contains(text(),'Faded Short Sleeve T-shirts')]]]>
            </line>
            <line>
              <![CDATA[Trying to click on: [[ChromeDriver: chrome on WINDOWS (dd67b5dbbaa37ee1a5ca4305a8e3fa75)] -> xpath: //li[@class='ajax_block_product col-xs-12 col-sm-4 col-md-3 first-in-line first-item-of-tablet-line first-item-of-mobile-line hovered']//a[@class='product-name'][contains(text(),'Faded Short Sleeve T-shirts')]]]]>
            </line>
            <line>
              <![CDATA[Clicked on: [[ChromeDriver: chrome on WINDOWS (dd67b5dbbaa37ee1a5ca4305a8e3fa75)] -> xpath: //li[@class='ajax_block_product col-xs-12 col-sm-4 col-md-3 first-in-line first-item-of-tablet-line first-item-of-mobile-line hovered']//a[@class='product-name'][contains(text(),'Faded Short Sleeve T-shirts')]]]]>
            </line>
            <line>
              <![CDATA[Trying to find Element By : By.xpath: //input[@id='quantity_wanted']]]>
            </line>
            <line>
              <![CDATA[Found Element By : By.xpath: //input[@id='quantity_wanted']]]>
            </line>
            <line>
              <![CDATA[Trying to find Element By : By.xpath: //input[@id='quantity_wanted']]]>
            </line>
            <line>
              <![CDATA[Found Element By : By.xpath: //input[@id='quantity_wanted']]]>
            </line>
            <line>
              <![CDATA[Trying to find Element By : By.xpath: //input[@id='quantity_wanted']]]>
            </line>
            <line>
              <![CDATA[Found Element By : By.xpath: //input[@id='quantity_wanted']]]>
            </line>
            <line>
              <![CDATA[Trying to find Element By : By.xpath: //div[@id='uniform-group_1']//following-sibling::option]]>
            </line>
            <line>
              <![CDATA[Found Element By : By.xpath: //div[@id='uniform-group_1']//following-sibling::option]]>
            </line>
            <line>
              <![CDATA[Trying to find Element By : By.xpath: //div[@id='uniform-group_1']//following-sibling::option]]>
            </line>
            <line>
              <![CDATA[Found Element By : By.xpath: //div[@id='uniform-group_1']//following-sibling::option]]>
            </line>
            <line>
              <![CDATA[Trying to find Element By : By.xpath: //div[@id='uniform-group_1']//following-sibling::option]]>
            </line>
            <line>
              <![CDATA[Found Element By : By.xpath: //div[@id='uniform-group_1']//following-sibling::option]]>
            </line>
            <line>
              <![CDATA[Trying to find Element By : By.xpath: //div[@id='uniform-group_1']//following-sibling::option]]>
            </line>
            <line>
              <![CDATA[Found Element By : By.xpath: //div[@id='uniform-group_1']//following-sibling::option]]>
            </line>
            <line>
              <![CDATA[Trying to find Element By : By.xpath: //div[@id='uniform-group_1']//following-sibling::option]]>
            </line>
            <line>
              <![CDATA[Found Element By : By.xpath: //div[@id='uniform-group_1']//following-sibling::option]]>
            </line>
            <line>
              <![CDATA[Trying to find Element By : By.xpath: //div[@id='uniform-group_1']//following-sibling::option]]>
            </line>
            <line>
              <![CDATA[Found Element By : By.xpath: //div[@id='uniform-group_1']//following-sibling::option]]>
            </line>
            <line>
              <![CDATA[Trying to find Element By : By.xpath: //div[@id='uniform-group_1']//following-sibling::option]]>
            </line>
            <line>
              <![CDATA[Found Element By : By.xpath: //div[@id='uniform-group_1']//following-sibling::option]]>
            </line>
            <line>
              <![CDATA[Trying to find Element By : By.xpath: //div[@id='uniform-group_1']//following-sibling::option]]>
            </line>
            <line>
              <![CDATA[Found Element By : By.xpath: //div[@id='uniform-group_1']//following-sibling::option]]>
            </line>
            <line>
              <![CDATA[Trying to click on: [[ChromeDriver: chrome on WINDOWS (dd67b5dbbaa37ee1a5ca4305a8e3fa75)] -> xpath: //div[@id='uniform-group_1']//following-sibling::option]]]>
            </line>
            <line>
              <![CDATA[Clicked on: [[ChromeDriver: chrome on WINDOWS (dd67b5dbbaa37ee1a5ca4305a8e3fa75)] -> xpath: //div[@id='uniform-group_1']//following-sibling::option]]]>
            </line>
            <line>
              <![CDATA[Trying to find Element By : By.xpath: //span[contains(text(),'Add to cart')]]]>
            </line>
            <line>
              <![CDATA[Found Element By : By.xpath: //span[contains(text(),'Add to cart')]]]>
            </line>
            <line>
              <![CDATA[Trying to click on: [[ChromeDriver: chrome on WINDOWS (dd67b5dbbaa37ee1a5ca4305a8e3fa75)] -> xpath: //span[contains(text(),'Add to cart')]]]]>
            </line>
            <line>
              <![CDATA[Clicked on: [[ChromeDriver: chrome on WINDOWS (dd67b5dbbaa37ee1a5ca4305a8e3fa75)] -> xpath: //span[contains(text(),'Add to cart')]]]]>
            </line>
            <line>
              <![CDATA[Trying to find Element By : By.xpath: //span[contains(text(),'Proceed to checkout')]]]>
            </line>
            <line>
              <![CDATA[Found Element By : By.xpath: //span[contains(text(),'Proceed to checkout')]]]>
            </line>
            <line>
              <![CDATA[Trying to find Element By : By.xpath: //span[contains(text(),'Proceed to checkout')]]]>
            </line>
            <line>
              <![CDATA[Found Element By : By.xpath: //span[contains(text(),'Proceed to checkout')]]]>
            </line>
            <line>
              <![CDATA[Trying to click on: [[ChromeDriver: chrome on WINDOWS (dd67b5dbbaa37ee1a5ca4305a8e3fa75)] -> xpath: //span[contains(text(),'Proceed to checkout')]]]]>
            </line>
            <line>
              <![CDATA[Clicked on: [[ChromeDriver: chrome on WINDOWS (dd67b5dbbaa37ee1a5ca4305a8e3fa75)] -> xpath: //span[contains(text(),'Proceed to checkout')]]]]>
            </line>
          </reporter-output>
        </test-method> <!-- BookingTest -->
        <test-method status="PASS" signature="PaymentTest()[pri:3, instance:com.AP.qa.test.TC001_Single_Product_Checkout1@11438d26]" name="PaymentTest" duration-ms="19265" started-at="2020-11-06T21:44:14Z" finished-at="2020-11-06T21:44:34Z">
          <reporter-output>
            <line>
              <![CDATA[Trying to find Element By : By.xpath: //span[contains(@id,'total_product_price')]]]>
            </line>
            <line>
              <![CDATA[Found Element By : By.xpath: //span[contains(@id,'total_product_price')]]]>
            </line>
            <line>
              <![CDATA[Trying to find Element By : By.xpath: //span[contains(@id,'total_product_price')]]]>
            </line>
            <line>
              <![CDATA[Found Element By : By.xpath: //span[contains(@id,'total_product_price')]]]>
            </line>
            <line>
              <![CDATA[Trying to find Element By : By.xpath: //span[contains(@id,'total_product_price')]]]>
            </line>
            <line>
              <![CDATA[Found Element By : By.xpath: //span[contains(@id,'total_product_price')]]]>
            </line>
            <line>
              <![CDATA[Trying to find Element By : By.xpath: //td[@id='total_shipping']]]>
            </line>
            <line>
              <![CDATA[Found Element By : By.xpath: //td[@id='total_shipping']]]>
            </line>
            <line>
              <![CDATA[Trying to find Element By : By.xpath: //span[@id='total_price']]]>
            </line>
            <line>
              <![CDATA[Found Element By : By.xpath: //span[@id='total_price']]]>
            </line>
            <line>
              <![CDATA[CheckOut Price  Validation     35.02 is equal to 35.02]]>
            </line>
            <line>
              <![CDATA[Trying to find Element By : By.xpath: //a[@class='button btn btn-default standard-checkout button-medium']//span[contains(text(),'Proceed to checkout')]]]>
            </line>
            <line>
              <![CDATA[Found Element By : By.xpath: //a[@class='button btn btn-default standard-checkout button-medium']//span[contains(text(),'Proceed to checkout')]]]>
            </line>
            <line>
              <![CDATA[Trying to click on: [[ChromeDriver: chrome on WINDOWS (dd67b5dbbaa37ee1a5ca4305a8e3fa75)] -> xpath: //a[@class='button btn btn-default standard-checkout button-medium']//span[contains(text(),'Proceed to checkout')]]]]>
            </line>
            <line>
              <![CDATA[Clicked on: [[ChromeDriver: chrome on WINDOWS (dd67b5dbbaa37ee1a5ca4305a8e3fa75)] -> xpath: //a[@class='button btn btn-default standard-checkout button-medium']//span[contains(text(),'Proceed to checkout')]]]]>
            </line>
            <line>
              <![CDATA[Trying to find Element By : By.xpath: //button[@name='processAddress']//span[contains(text(),'Proceed to checkout')]]]>
            </line>
            <line>
              <![CDATA[Found Element By : By.xpath: //button[@name='processAddress']//span[contains(text(),'Proceed to checkout')]]]>
            </line>
            <line>
              <![CDATA[Trying to click on: [[ChromeDriver: chrome on WINDOWS (dd67b5dbbaa37ee1a5ca4305a8e3fa75)] -> xpath: //button[@name='processAddress']//span[contains(text(),'Proceed to checkout')]]]]>
            </line>
            <line>
              <![CDATA[Clicked on: [[ChromeDriver: chrome on WINDOWS (dd67b5dbbaa37ee1a5ca4305a8e3fa75)] -> xpath: //button[@name='processAddress']//span[contains(text(),'Proceed to checkout')]]]]>
            </line>
            <line>
              <![CDATA[Trying to find Element By : By.xpath: //input[@id='cgv']]]>
            </line>
            <line>
              <![CDATA[Found Element By : By.xpath: //input[@id='cgv']]]>
            </line>
            <line>
              <![CDATA[Trying to click on: [[ChromeDriver: chrome on WINDOWS (dd67b5dbbaa37ee1a5ca4305a8e3fa75)] -> xpath: //input[@id='cgv']]]]>
            </line>
            <line>
              <![CDATA[Clicked on: [[ChromeDriver: chrome on WINDOWS (dd67b5dbbaa37ee1a5ca4305a8e3fa75)] -> xpath: //input[@id='cgv']]]]>
            </line>
            <line>
              <![CDATA[Trying to find Element By : By.xpath: //button[@name='processCarrier']//span[contains(text(),'Proceed to checkout')]]]>
            </line>
            <line>
              <![CDATA[Found Element By : By.xpath: //button[@name='processCarrier']//span[contains(text(),'Proceed to checkout')]]]>
            </line>
            <line>
              <![CDATA[Trying to click on: [[ChromeDriver: chrome on WINDOWS (dd67b5dbbaa37ee1a5ca4305a8e3fa75)] -> xpath: //button[@name='processCarrier']//span[contains(text(),'Proceed to checkout')]]]]>
            </line>
            <line>
              <![CDATA[Clicked on: [[ChromeDriver: chrome on WINDOWS (dd67b5dbbaa37ee1a5ca4305a8e3fa75)] -> xpath: //button[@name='processCarrier']//span[contains(text(),'Proceed to checkout')]]]]>
            </line>
            <line>
              <![CDATA[Trying to find Element By : By.xpath: //span[@id='total_price']]]>
            </line>
            <line>
              <![CDATA[Found Element By : By.xpath: //span[@id='total_price']]]>
            </line>
            <line>
              <![CDATA[Trying to find Element By : By.xpath: //a[@class='bankwire']]]>
            </line>
            <line>
              <![CDATA[Found Element By : By.xpath: //a[@class='bankwire']]]>
            </line>
            <line>
              <![CDATA[Trying to click on: [[ChromeDriver: chrome on WINDOWS (dd67b5dbbaa37ee1a5ca4305a8e3fa75)] -> xpath: //a[@class='bankwire']]]]>
            </line>
            <line>
              <![CDATA[Clicked on: [[ChromeDriver: chrome on WINDOWS (dd67b5dbbaa37ee1a5ca4305a8e3fa75)] -> xpath: //a[@class='bankwire']]]]>
            </line>
            <line>
              <![CDATA[Trying to find Element By : By.xpath: //span[contains(text(),'I confirm my order')]]]>
            </line>
            <line>
              <![CDATA[Found Element By : By.xpath: //span[contains(text(),'I confirm my order')]]]>
            </line>
            <line>
              <![CDATA[Trying to click on: [[ChromeDriver: chrome on WINDOWS (dd67b5dbbaa37ee1a5ca4305a8e3fa75)] -> xpath: //span[contains(text(),'I confirm my order')]]]]>
            </line>
            <line>
              <![CDATA[Clicked on: [[ChromeDriver: chrome on WINDOWS (dd67b5dbbaa37ee1a5ca4305a8e3fa75)] -> xpath: //span[contains(text(),'I confirm my order')]]]]>
            </line>
            <line>
              <![CDATA[Trying to find Element By : By.xpath: //span[@class='price']]]>
            </line>
            <line>
              <![CDATA[Found Element By : By.xpath: //span[@class='price']]]>
            </line>
            <line>
              <![CDATA[Final Price Validation Validation     35.02 is equal to 35.02]]>
            </line>
          </reporter-output>
        </test-method> <!-- PaymentTest -->
        <test-method status="PASS" signature="LogoutTest()[pri:4, instance:com.AP.qa.test.TC001_Single_Product_Checkout1@11438d26]" name="LogoutTest" duration-ms="5475" started-at="2020-11-06T21:44:34Z" finished-at="2020-11-06T21:44:39Z">
          <reporter-output>
            <line>
              <![CDATA[Trying to find Element By : By.xpath: //a[@class='logout']]]>
            </line>
            <line>
              <![CDATA[Found Element By : By.xpath: //a[@class='logout']]]>
            </line>
            <line>
              <![CDATA[Trying to click on: [[ChromeDriver: chrome on WINDOWS (dd67b5dbbaa37ee1a5ca4305a8e3fa75)] -> xpath: //a[@class='logout']]]]>
            </line>
            <line>
              <![CDATA[Clicked on: [[ChromeDriver: chrome on WINDOWS (dd67b5dbbaa37ee1a5ca4305a8e3fa75)] -> xpath: //a[@class='logout']]]]>
            </line>
            <line>
              <![CDATA[Trying to find Element By : By.xpath: //div[@class='header_user_info']]]>
            </line>
            <line>
              <![CDATA[Found Element By : By.xpath: //div[@class='header_user_info']]]>
            </line>
            <line>
              <![CDATA[Logout successfull]]>
            </line>
          </reporter-output>
        </test-method> <!-- LogoutTest -->
        <test-method status="PASS" signature="Flush()[pri:0, instance:com.AP.qa.test.TC001_Single_Product_Checkout1@11438d26]" name="Flush" is-config="true" duration-ms="1167" started-at="2020-11-06T21:44:39Z" finished-at="2020-11-06T21:44:40Z">
          <reporter-output>
          </reporter-output>
        </test-method> <!-- Flush -->
      </class> <!-- com.AP.qa.test.TC001_Single_Product_Checkout1 -->
    </test> <!-- Test -->
  </suite> <!-- Suite -->
</testng-results>
