<?xml version="1.0" encoding="UTF-8"?>
<testng-results skipped="0" failed="0" total="10" passed="10">
  <reporter-output>
    <line>
      <![CDATA[Before navigating to: 'http://automationpractice.com/index.php']]>
    </line>
    <line>
      <![CDATA[Navigated to:'http://automationpractice.com/index.php']]>
    </line>
    <line>
      <![CDATA[Before navigating to: 'http://automationpractice.com/index.php']]>
    </line>
    <line>
      <![CDATA[Navigated to:'http://automationpractice.com/index.php']]>
    </line>
    <line>
      <![CDATA[Trying to find Element By : By.xpath: //a[@class='login']]]>
    </line>
    <line>
      <![CDATA[Found Element By : By.xpath: //a[@class='login']]]>
    </line>
    <line>
      <![CDATA[Trying to click on: [[ChromeDriver: chrome on WINDOWS (812be70e9f0115611a583b17fdd548f6)] -> xpath: //a[@class='login']]]]>
    </line>
    <line>
      <![CDATA[Clicked on: [[ChromeDriver: chrome on WINDOWS (812be70e9f0115611a583b17fdd548f6)] -> xpath: //a[@class='login']]]]>
    </line>
    <line>
      <![CDATA[Trying to find Element By : By.xpath: //input[@id='email']]]>
    </line>
    <line>
      <![CDATA[Found Element By : By.xpath: //input[@id='email']]]>
    </line>
    <line>
      <![CDATA[Trying to find Element By : By.xpath: //input[@id='passwd']]]>
    </line>
    <line>
      <![CDATA[Found Element By : By.xpath: //input[@id='passwd']]]>
    </line>
    <line>
      <![CDATA[Trying to find Element By : By.xpath: //button[@id='SubmitLogin']]]>
    </line>
    <line>
      <![CDATA[Found Element By : By.xpath: //button[@id='SubmitLogin']]]>
    </line>
    <line>
      <![CDATA[Trying to click on: [[ChromeDriver: chrome on WINDOWS (812be70e9f0115611a583b17fdd548f6)] -> xpath: //button[@id='SubmitLogin']]]]>
    </line>
    <line>
      <![CDATA[Clicked on: [[ChromeDriver: chrome on WINDOWS (812be70e9f0115611a583b17fdd548f6)] -> xpath: //button[@id='SubmitLogin']]]]>
    </line>
    <line>
      <![CDATA[Trying to find Element By : By.xpath: //span[contains(text(),'sunil jaiswal')]]]>
    </line>
    <line>
      <![CDATA[Found Element By : By.xpath: //span[contains(text(),'sunil jaiswal')]]]>
    </line>
    <line>
      <![CDATA[Successful logging with username -  sunjai190688@gmail.com]]>
    </line>
    <line>
      <![CDATA[Trying to find Element By : By.xpath: //img[@class='logo img-responsive']]]>
    </line>
    <line>
      <![CDATA[Found Element By : By.xpath: //img[@class='logo img-responsive']]]>
    </line>
    <line>
      <![CDATA[Trying to click on: [[ChromeDriver: chrome on WINDOWS (812be70e9f0115611a583b17fdd548f6)] -> xpath: //img[@class='logo img-responsive']]]]>
    </line>
    <line>
      <![CDATA[Clicked on: [[ChromeDriver: chrome on WINDOWS (812be70e9f0115611a583b17fdd548f6)] -> xpath: //img[@class='logo img-responsive']]]]>
    </line>
    <line>
      <![CDATA[Trying to find Element By : By.xpath: //ul[@id='homefeatured']//li[@class='ajax_block_product col-xs-12 col-sm-4 col-md-3 first-in-line first-item-of-tablet-line first-item-of-mobile-line']//div[@class='product-image-container']]]>
    </line>
    <line>
      <![CDATA[Found Element By : By.xpath: //ul[@id='homefeatured']//li[@class='ajax_block_product col-xs-12 col-sm-4 col-md-3 first-in-line first-item-of-tablet-line first-item-of-mobile-line']//div[@class='product-image-container']]]>
    </line>
    <line>
      <![CDATA[Trying to find Element By : By.xpath: //li[@class='ajax_block_product col-xs-12 col-sm-4 col-md-3 first-in-line first-item-of-tablet-line first-item-of-mobile-line hovered']//a[@class='product-name'][contains(text(),'Faded Short Sleeve T-shirts')]]]>
    </line>
    <line>
      <![CDATA[Found Element By : By.xpath: //li[@class='ajax_block_product col-xs-12 col-sm-4 col-md-3 first-in-line first-item-of-tablet-line first-item-of-mobile-line hovered']//a[@class='product-name'][contains(text(),'Faded Short Sleeve T-shirts')]]]>
    </line>
    <line>
      <![CDATA[Trying to click on: [[ChromeDriver: chrome on WINDOWS (812be70e9f0115611a583b17fdd548f6)] -> xpath: //li[@class='ajax_block_product col-xs-12 col-sm-4 col-md-3 first-in-line first-item-of-tablet-line first-item-of-mobile-line hovered']//a[@class='product-name'][contains(text(),'Faded Short Sleeve T-shirts')]]]]>
    </line>
    <line>
      <![CDATA[Clicked on: [[ChromeDriver: chrome on WINDOWS (812be70e9f0115611a583b17fdd548f6)] -> xpath: //li[@class='ajax_block_product col-xs-12 col-sm-4 col-md-3 first-in-line first-item-of-tablet-line first-item-of-mobile-line hovered']//a[@class='product-name'][contains(text(),'Faded Short Sleeve T-shirts')]]]]>
    </line>
    <line>
      <![CDATA[Trying to find Element By : By.xpath: //input[@id='quantity_wanted']]]>
    </line>
    <line>
      <![CDATA[Found Element By : By.xpath: //input[@id='quantity_wanted']]]>
    </line>
    <line>
      <![CDATA[Trying to find Element By : By.xpath: //input[@id='quantity_wanted']]]>
    </line>
    <line>
      <![CDATA[Found Element By : By.xpath: //input[@id='quantity_wanted']]]>
    </line>
    <line>
      <![CDATA[Trying to find Element By : By.xpath: //input[@id='quantity_wanted']]]>
    </line>
    <line>
      <![CDATA[Found Element By : By.xpath: //input[@id='quantity_wanted']]]>
    </line>
    <line>
      <![CDATA[Trying to find Element By : By.xpath: //select[@id='group_1']]]>
    </line>
    <line>
      <![CDATA[Found Element By : By.xpath: //select[@id='group_1']]]>
    </line>
    <line>
      <![CDATA[Trying to find Element By : By.xpath: //select[@id='group_1']]]>
    </line>
    <line>
      <![CDATA[Found Element By : By.xpath: //select[@id='group_1']]]>
    </line>
    <line>
      <![CDATA[Trying to find Element By : By.xpath: //select[@id='group_1']]]>
    </line>
    <line>
      <![CDATA[Found Element By : By.xpath: //select[@id='group_1']]]>
    </line>
    <line>
      <![CDATA[Trying to find Element By : By.tagName: option]]>
    </line>
    <line>
      <![CDATA[Found Element By : By.tagName: option]]>
    </line>
    <line>
      <![CDATA[Trying to click on: [[[[ChromeDriver: chrome on WINDOWS (812be70e9f0115611a583b17fdd548f6)] -> xpath: //select[@id='group_1']]] -> tag name: option]]]>
    </line>
    <line>
      <![CDATA[Clicked on: [[[[ChromeDriver: chrome on WINDOWS (812be70e9f0115611a583b17fdd548f6)] -> xpath: //select[@id='group_1']]] -> tag name: option]]]>
    </line>
    <line>
      <![CDATA[Trying to find Element By : By.xpath: //span[contains(text(),'Add to cart')]]]>
    </line>
    <line>
      <![CDATA[Found Element By : By.xpath: //span[contains(text(),'Add to cart')]]]>
    </line>
    <line>
      <![CDATA[Trying to click on: [[ChromeDriver: chrome on WINDOWS (812be70e9f0115611a583b17fdd548f6)] -> xpath: //span[contains(text(),'Add to cart')]]]]>
    </line>
    <line>
      <![CDATA[Clicked on: [[ChromeDriver: chrome on WINDOWS (812be70e9f0115611a583b17fdd548f6)] -> xpath: //span[contains(text(),'Add to cart')]]]]>
    </line>
    <line>
      <![CDATA[Trying to find Element By : By.xpath: //span[contains(text(),'Proceed to checkout')]]]>
    </line>
    <line>
      <![CDATA[Found Element By : By.xpath: //span[contains(text(),'Proceed to checkout')]]]>
    </line>
    <line>
      <![CDATA[Trying to find Element By : By.xpath: //span[contains(text(),'Proceed to checkout')]]]>
    </line>
    <line>
      <![CDATA[Found Element By : By.xpath: //span[contains(text(),'Proceed to checkout')]]]>
    </line>
    <line>
      <![CDATA[Trying to click on: [[ChromeDriver: chrome on WINDOWS (812be70e9f0115611a583b17fdd548f6)] -> xpath: //span[contains(text(),'Proceed to checkout')]]]]>
    </line>
    <line>
      <![CDATA[Clicked on: [[ChromeDriver: chrome on WINDOWS (812be70e9f0115611a583b17fdd548f6)] -> xpath: //span[contains(text(),'Proceed to checkout')]]]]>
    </line>
    <line>
      <![CDATA[Trying to find Element By : By.xpath: //span[@id='total_price']]]>
    </line>
    <line>
      <![CDATA[Found Element By : By.xpath: //span[@id='total_price']]]>
    </line>
    <line>
      <![CDATA[Trying to find Element By : By.xpath: //span[contains(@id,'total_product_price')]]]>
    </line>
    <line>
      <![CDATA[Found Element By : By.xpath: //span[contains(@id,'total_product_price')]]]>
    </line>
    <line>
      <![CDATA[Trying to find Element By : By.xpath: //span[contains(@id,'total_product_price')]]]>
    </line>
    <line>
      <![CDATA[Found Element By : By.xpath: //span[contains(@id,'total_product_price')]]]>
    </line>
    <line>
      <![CDATA[Trying to find Element By : By.xpath: //span[contains(@id,'total_product_price')]]]>
    </line>
    <line>
      <![CDATA[Found Element By : By.xpath: //span[contains(@id,'total_product_price')]]]>
    </line>
    <line>
      <![CDATA[Trying to find Element By : By.xpath: //td[@id='total_shipping']]]>
    </line>
    <line>
      <![CDATA[Found Element By : By.xpath: //td[@id='total_shipping']]]>
    </line>
    <line>
      <![CDATA[Trying to find Element By : By.xpath: //span[@id='total_price']]]>
    </line>
    <line>
      <![CDATA[Found Element By : By.xpath: //span[@id='total_price']]]>
    </line>
    <line>
      <![CDATA[Trying to find Element By : By.xpath: //a[@class='button btn btn-default standard-checkout button-medium']//span[contains(text(),'Proceed to checkout')]]]>
    </line>
    <line>
      <![CDATA[Found Element By : By.xpath: //a[@class='button btn btn-default standard-checkout button-medium']//span[contains(text(),'Proceed to checkout')]]]>
    </line>
    <line>
      <![CDATA[Trying to click on: [[ChromeDriver: chrome on WINDOWS (812be70e9f0115611a583b17fdd548f6)] -> xpath: //a[@class='button btn btn-default standard-checkout button-medium']//span[contains(text(),'Proceed to checkout')]]]]>
    </line>
    <line>
      <![CDATA[Clicked on: [[ChromeDriver: chrome on WINDOWS (812be70e9f0115611a583b17fdd548f6)] -> xpath: //a[@class='button btn btn-default standard-checkout button-medium']//span[contains(text(),'Proceed to checkout')]]]]>
    </line>
    <line>
      <![CDATA[Trying to find Element By : By.xpath: //button[@name='processAddress']//span[contains(text(),'Proceed to checkout')]]]>
    </line>
    <line>
      <![CDATA[Found Element By : By.xpath: //button[@name='processAddress']//span[contains(text(),'Proceed to checkout')]]]>
    </line>
    <line>
      <![CDATA[Trying to click on: [[ChromeDriver: chrome on WINDOWS (812be70e9f0115611a583b17fdd548f6)] -> xpath: //button[@name='processAddress']//span[contains(text(),'Proceed to checkout')]]]]>
    </line>
    <line>
      <![CDATA[Clicked on: [[ChromeDriver: chrome on WINDOWS (812be70e9f0115611a583b17fdd548f6)] -> xpath: //button[@name='processAddress']//span[contains(text(),'Proceed to checkout')]]]]>
    </line>
    <line>
      <![CDATA[Trying to find Element By : By.xpath: //input[@id='cgv']]]>
    </line>
    <line>
      <![CDATA[Found Element By : By.xpath: //input[@id='cgv']]]>
    </line>
    <line>
      <![CDATA[Trying to click on: [[ChromeDriver: chrome on WINDOWS (812be70e9f0115611a583b17fdd548f6)] -> xpath: //input[@id='cgv']]]]>
    </line>
    <line>
      <![CDATA[Clicked on: [[ChromeDriver: chrome on WINDOWS (812be70e9f0115611a583b17fdd548f6)] -> xpath: //input[@id='cgv']]]]>
    </line>
    <line>
      <![CDATA[Trying to find Element By : By.xpath: //button[@name='processCarrier']//span[contains(text(),'Proceed to checkout')]]]>
    </line>
    <line>
      <![CDATA[Found Element By : By.xpath: //button[@name='processCarrier']//span[contains(text(),'Proceed to checkout')]]]>
    </line>
    <line>
      <![CDATA[Trying to click on: [[ChromeDriver: chrome on WINDOWS (812be70e9f0115611a583b17fdd548f6)] -> xpath: //button[@name='processCarrier']//span[contains(text(),'Proceed to checkout')]]]]>
    </line>
    <line>
      <![CDATA[Clicked on: [[ChromeDriver: chrome on WINDOWS (812be70e9f0115611a583b17fdd548f6)] -> xpath: //button[@name='processCarrier']//span[contains(text(),'Proceed to checkout')]]]]>
    </line>
    <line>
      <![CDATA[Trying to find Element By : By.xpath: //a[@class='bankwire']]]>
    </line>
    <line>
      <![CDATA[Found Element By : By.xpath: //a[@class='bankwire']]]>
    </line>
    <line>
      <![CDATA[Trying to click on: [[ChromeDriver: chrome on WINDOWS (812be70e9f0115611a583b17fdd548f6)] -> xpath: //a[@class='bankwire']]]]>
    </line>
    <line>
      <![CDATA[Clicked on: [[ChromeDriver: chrome on WINDOWS (812be70e9f0115611a583b17fdd548f6)] -> xpath: //a[@class='bankwire']]]]>
    </line>
    <line>
      <![CDATA[Trying to find Element By : By.xpath: //span[contains(text(),'I confirm my order')]]]>
    </line>
    <line>
      <![CDATA[Found Element By : By.xpath: //span[contains(text(),'I confirm my order')]]]>
    </line>
    <line>
      <![CDATA[Trying to click on: [[ChromeDriver: chrome on WINDOWS (812be70e9f0115611a583b17fdd548f6)] -> xpath: //span[contains(text(),'I confirm my order')]]]]>
    </line>
    <line>
      <![CDATA[Clicked on: [[ChromeDriver: chrome on WINDOWS (812be70e9f0115611a583b17fdd548f6)] -> xpath: //span[contains(text(),'I confirm my order')]]]]>
    </line>
    <line>
      <![CDATA[Trying to find Element By : By.xpath: //span[@class='price']]]>
    </line>
    <line>
      <![CDATA[Found Element By : By.xpath: //span[@class='price']]]>
    </line>
    <line>
      <![CDATA[Successfully validated the order amount -$35.02]]>
    </line>
    <line>
      <![CDATA[Trying to find Element By : By.xpath: //span[@class='price']]]>
    </line>
    <line>
      <![CDATA[Found Element By : By.xpath: //span[@class='price']]]>
    </line>
    <line>
      <![CDATA[Trying to find Element By : By.xpath: //strong[contains(text(),'Your order on My Store is complete.')]]]>
    </line>
    <line>
      <![CDATA[Found Element By : By.xpath: //strong[contains(text(),'Your order on My Store is complete.')]]]>
    </line>
    <line>
      <![CDATA[Payment successfull of amount -$35.02]]>
    </line>
    <line>
      <![CDATA[Trying to find Element By : By.xpath: //a[@class='logout']]]>
    </line>
    <line>
      <![CDATA[Found Element By : By.xpath: //a[@class='logout']]]>
    </line>
    <line>
      <![CDATA[Trying to click on: [[ChromeDriver: chrome on WINDOWS (812be70e9f0115611a583b17fdd548f6)] -> xpath: //a[@class='logout']]]]>
    </line>
    <line>
      <![CDATA[Clicked on: [[ChromeDriver: chrome on WINDOWS (812be70e9f0115611a583b17fdd548f6)] -> xpath: //a[@class='logout']]]]>
    </line>
    <line>
      <![CDATA[Trying to find Element By : By.xpath: //div[@class='header_user_info']]]>
    </line>
    <line>
      <![CDATA[Found Element By : By.xpath: //div[@class='header_user_info']]]>
    </line>
    <line>
      <![CDATA[Logout successfull]]>
    </line>
    <line>
      <![CDATA[Before navigating to: 'http://automationpractice.com/index.php']]>
    </line>
    <line>
      <![CDATA[Navigated to:'http://automationpractice.com/index.php']]>
    </line>
    <line>
      <![CDATA[Before navigating to: 'http://automationpractice.com/index.php']]>
    </line>
    <line>
      <![CDATA[Navigated to:'http://automationpractice.com/index.php']]>
    </line>
    <line>
      <![CDATA[Trying to find Element By : By.xpath: //a[@class='login']]]>
    </line>
    <line>
      <![CDATA[Found Element By : By.xpath: //a[@class='login']]]>
    </line>
    <line>
      <![CDATA[Trying to click on: [[ChromeDriver: chrome on WINDOWS (c7bce59ad91e83dea763c7047b35af71)] -> xpath: //a[@class='login']]]]>
    </line>
    <line>
      <![CDATA[Clicked on: [[ChromeDriver: chrome on WINDOWS (c7bce59ad91e83dea763c7047b35af71)] -> xpath: //a[@class='login']]]]>
    </line>
    <line>
      <![CDATA[Trying to find Element By : By.xpath: //input[@id='email']]]>
    </line>
    <line>
      <![CDATA[Found Element By : By.xpath: //input[@id='email']]]>
    </line>
    <line>
      <![CDATA[Trying to find Element By : By.xpath: //input[@id='passwd']]]>
    </line>
    <line>
      <![CDATA[Found Element By : By.xpath: //input[@id='passwd']]]>
    </line>
    <line>
      <![CDATA[Trying to find Element By : By.xpath: //button[@id='SubmitLogin']]]>
    </line>
    <line>
      <![CDATA[Found Element By : By.xpath: //button[@id='SubmitLogin']]]>
    </line>
    <line>
      <![CDATA[Trying to click on: [[ChromeDriver: chrome on WINDOWS (c7bce59ad91e83dea763c7047b35af71)] -> xpath: //button[@id='SubmitLogin']]]]>
    </line>
    <line>
      <![CDATA[Clicked on: [[ChromeDriver: chrome on WINDOWS (c7bce59ad91e83dea763c7047b35af71)] -> xpath: //button[@id='SubmitLogin']]]]>
    </line>
    <line>
      <![CDATA[Trying to find Element By : By.xpath: //span[contains(text(),'sunil jaiswal')]]]>
    </line>
    <line>
      <![CDATA[Found Element By : By.xpath: //span[contains(text(),'sunil jaiswal')]]]>
    </line>
    <line>
      <![CDATA[Successful logging with username -  sunjai190688@gmail.com]]>
    </line>
    <line>
      <![CDATA[Trying to find Element By : By.xpath: //img[@class='logo img-responsive']]]>
    </line>
    <line>
      <![CDATA[Found Element By : By.xpath: //img[@class='logo img-responsive']]]>
    </line>
    <line>
      <![CDATA[Trying to click on: [[ChromeDriver: chrome on WINDOWS (c7bce59ad91e83dea763c7047b35af71)] -> xpath: //img[@class='logo img-responsive']]]]>
    </line>
    <line>
      <![CDATA[Clicked on: [[ChromeDriver: chrome on WINDOWS (c7bce59ad91e83dea763c7047b35af71)] -> xpath: //img[@class='logo img-responsive']]]]>
    </line>
    <line>
      <![CDATA[Trying to find Element By : By.xpath: //ul[@id='homefeatured']//following-sibling::li]]>
    </line>
    <line>
      <![CDATA[Found Element By : By.xpath: //ul[@id='homefeatured']//following-sibling::li]]>
    </line>
    <line>
      <![CDATA[Trying to find Element By : By.xpath: //ul[@id='homefeatured']//following-sibling::li]]>
    </line>
    <line>
      <![CDATA[Found Element By : By.xpath: //ul[@id='homefeatured']//following-sibling::li]]>
    </line>
    <line>
      <![CDATA[Trying to find Element By : By.xpath: //ul[@id='homefeatured']//following-sibling::li]]>
    </line>
    <line>
      <![CDATA[Found Element By : By.xpath: //ul[@id='homefeatured']//following-sibling::li]]>
    </line>
    <line>
      <![CDATA[Trying to find Element By : By.xpath: //ul[@id='homefeatured']//following-sibling::li]]>
    </line>
    <line>
      <![CDATA[Found Element By : By.xpath: //ul[@id='homefeatured']//following-sibling::li]]>
    </line>
    <line>
      <![CDATA[Trying to find Element By : By.xpath: //li[contains(@class,'ajax_block_product col-xs-12 col-sm-4 col-md-3')]//span[contains(text(),'Add to cart')]]]>
    </line>
    <line>
      <![CDATA[Found Element By : By.xpath: //li[contains(@class,'ajax_block_product col-xs-12 col-sm-4 col-md-3')]//span[contains(text(),'Add to cart')]]]>
    </line>
    <line>
      <![CDATA[Trying to click on: [[ChromeDriver: chrome on WINDOWS (c7bce59ad91e83dea763c7047b35af71)] -> xpath: //li[contains(@class,'ajax_block_product col-xs-12 col-sm-4 col-md-3')]//span[contains(text(),'Add to cart')]]]]>
    </line>
    <line>
      <![CDATA[Clicked on: [[ChromeDriver: chrome on WINDOWS (c7bce59ad91e83dea763c7047b35af71)] -> xpath: //li[contains(@class,'ajax_block_product col-xs-12 col-sm-4 col-md-3')]//span[contains(text(),'Add to cart')]]]]>
    </line>
    <line>
      <![CDATA[Trying to find Element By : By.xpath: //span[@class='continue btn btn-default button exclusive-medium']]]>
    </line>
    <line>
      <![CDATA[Found Element By : By.xpath: //span[@class='continue btn btn-default button exclusive-medium']]]>
    </line>
    <line>
      <![CDATA[Trying to find Element By : By.xpath: //span[@class='continue btn btn-default button exclusive-medium']]]>
    </line>
    <line>
      <![CDATA[Found Element By : By.xpath: //span[@class='continue btn btn-default button exclusive-medium']]]>
    </line>
    <line>
      <![CDATA[Trying to click on: [[ChromeDriver: chrome on WINDOWS (c7bce59ad91e83dea763c7047b35af71)] -> xpath: //span[@class='continue btn btn-default button exclusive-medium']]]]>
    </line>
    <line>
      <![CDATA[Clicked on: [[ChromeDriver: chrome on WINDOWS (c7bce59ad91e83dea763c7047b35af71)] -> xpath: //span[@class='continue btn btn-default button exclusive-medium']]]]>
    </line>
    <line>
      <![CDATA[Trying to find Element By : By.xpath: //ul[@id='homefeatured']//following-sibling::li]]>
    </line>
    <line>
      <![CDATA[Found Element By : By.xpath: //ul[@id='homefeatured']//following-sibling::li]]>
    </line>
    <line>
      <![CDATA[Trying to find Element By : By.xpath: //ul[@id='homefeatured']//following-sibling::li]]>
    </line>
    <line>
      <![CDATA[Found Element By : By.xpath: //ul[@id='homefeatured']//following-sibling::li]]>
    </line>
    <line>
      <![CDATA[Trying to find Element By : By.xpath: //ul[@id='homefeatured']//following-sibling::li]]>
    </line>
    <line>
      <![CDATA[Found Element By : By.xpath: //ul[@id='homefeatured']//following-sibling::li]]>
    </line>
    <line>
      <![CDATA[Trying to find Element By : By.xpath: //ul[@id='homefeatured']//following-sibling::li]]>
    </line>
    <line>
      <![CDATA[Found Element By : By.xpath: //ul[@id='homefeatured']//following-sibling::li]]>
    </line>
    <line>
      <![CDATA[Trying to find Element By : By.xpath: //ul[@id='homefeatured']//following-sibling::li]]>
    </line>
    <line>
      <![CDATA[Found Element By : By.xpath: //ul[@id='homefeatured']//following-sibling::li]]>
    </line>
    <line>
      <![CDATA[Trying to find Element By : By.xpath: //ul[@id='homefeatured']//following-sibling::li]]>
    </line>
    <line>
      <![CDATA[Found Element By : By.xpath: //ul[@id='homefeatured']//following-sibling::li]]>
    </line>
    <line>
      <![CDATA[Trying to find Element By : By.xpath: //li[contains(@class,'ajax_block_product col-xs-12 col-sm-4 col-md-3')]//span[contains(text(),'Add to cart')]]]>
    </line>
    <line>
      <![CDATA[Found Element By : By.xpath: //li[contains(@class,'ajax_block_product col-xs-12 col-sm-4 col-md-3')]//span[contains(text(),'Add to cart')]]]>
    </line>
    <line>
      <![CDATA[Trying to click on: [[ChromeDriver: chrome on WINDOWS (c7bce59ad91e83dea763c7047b35af71)] -> xpath: //li[contains(@class,'ajax_block_product col-xs-12 col-sm-4 col-md-3')]//span[contains(text(),'Add to cart')]]]]>
    </line>
    <line>
      <![CDATA[Clicked on: [[ChromeDriver: chrome on WINDOWS (c7bce59ad91e83dea763c7047b35af71)] -> xpath: //li[contains(@class,'ajax_block_product col-xs-12 col-sm-4 col-md-3')]//span[contains(text(),'Add to cart')]]]]>
    </line>
    <line>
      <![CDATA[Trying to find Element By : By.xpath: //span[contains(text(),'Proceed to checkout')]]]>
    </line>
    <line>
      <![CDATA[Found Element By : By.xpath: //span[contains(text(),'Proceed to checkout')]]]>
    </line>
    <line>
      <![CDATA[Trying to click on: [[ChromeDriver: chrome on WINDOWS (c7bce59ad91e83dea763c7047b35af71)] -> xpath: //span[contains(text(),'Proceed to checkout')]]]]>
    </line>
    <line>
      <![CDATA[Clicked on: [[ChromeDriver: chrome on WINDOWS (c7bce59ad91e83dea763c7047b35af71)] -> xpath: //span[contains(text(),'Proceed to checkout')]]]]>
    </line>
    <line>
      <![CDATA[Trying to find Element By : By.xpath: //span[@id='total_price']]]>
    </line>
    <line>
      <![CDATA[Found Element By : By.xpath: //span[@id='total_price']]]>
    </line>
    <line>
      <![CDATA[Trying to find Element By : By.xpath: //span[contains(@id,'total_product_price')]]]>
    </line>
    <line>
      <![CDATA[Found Element By : By.xpath: //span[contains(@id,'total_product_price')]]]>
    </line>
    <line>
      <![CDATA[Trying to find Element By : By.xpath: //span[contains(@id,'total_product_price')]]]>
    </line>
    <line>
      <![CDATA[Found Element By : By.xpath: //span[contains(@id,'total_product_price')]]]>
    </line>
    <line>
      <![CDATA[Trying to find Element By : By.xpath: //span[contains(@id,'total_product_price')]]]>
    </line>
    <line>
      <![CDATA[Found Element By : By.xpath: //span[contains(@id,'total_product_price')]]]>
    </line>
    <line>
      <![CDATA[Trying to find Element By : By.xpath: //span[contains(@id,'total_product_price')]]]>
    </line>
    <line>
      <![CDATA[Found Element By : By.xpath: //span[contains(@id,'total_product_price')]]]>
    </line>
    <line>
      <![CDATA[Trying to find Element By : By.xpath: //span[contains(@id,'total_product_price')]]]>
    </line>
    <line>
      <![CDATA[Found Element By : By.xpath: //span[contains(@id,'total_product_price')]]]>
    </line>
    <line>
      <![CDATA[Trying to find Element By : By.xpath: //td[@id='total_shipping']]]>
    </line>
    <line>
      <![CDATA[Found Element By : By.xpath: //td[@id='total_shipping']]]>
    </line>
    <line>
      <![CDATA[Trying to find Element By : By.xpath: //span[@id='total_price']]]>
    </line>
    <line>
      <![CDATA[Found Element By : By.xpath: //span[@id='total_price']]]>
    </line>
    <line>
      <![CDATA[Trying to find Element By : By.xpath: //a[@class='button btn btn-default standard-checkout button-medium']//span[contains(text(),'Proceed to checkout')]]]>
    </line>
    <line>
      <![CDATA[Found Element By : By.xpath: //a[@class='button btn btn-default standard-checkout button-medium']//span[contains(text(),'Proceed to checkout')]]]>
    </line>
    <line>
      <![CDATA[Trying to click on: [[ChromeDriver: chrome on WINDOWS (c7bce59ad91e83dea763c7047b35af71)] -> xpath: //a[@class='button btn btn-default standard-checkout button-medium']//span[contains(text(),'Proceed to checkout')]]]]>
    </line>
    <line>
      <![CDATA[Clicked on: [[ChromeDriver: chrome on WINDOWS (c7bce59ad91e83dea763c7047b35af71)] -> xpath: //a[@class='button btn btn-default standard-checkout button-medium']//span[contains(text(),'Proceed to checkout')]]]]>
    </line>
    <line>
      <![CDATA[Trying to find Element By : By.xpath: //button[@name='processAddress']//span[contains(text(),'Proceed to checkout')]]]>
    </line>
    <line>
      <![CDATA[Found Element By : By.xpath: //button[@name='processAddress']//span[contains(text(),'Proceed to checkout')]]]>
    </line>
    <line>
      <![CDATA[Trying to click on: [[ChromeDriver: chrome on WINDOWS (c7bce59ad91e83dea763c7047b35af71)] -> xpath: //button[@name='processAddress']//span[contains(text(),'Proceed to checkout')]]]]>
    </line>
    <line>
      <![CDATA[Clicked on: [[ChromeDriver: chrome on WINDOWS (c7bce59ad91e83dea763c7047b35af71)] -> xpath: //button[@name='processAddress']//span[contains(text(),'Proceed to checkout')]]]]>
    </line>
    <line>
      <![CDATA[Trying to find Element By : By.xpath: //input[@id='cgv']]]>
    </line>
    <line>
      <![CDATA[Found Element By : By.xpath: //input[@id='cgv']]]>
    </line>
    <line>
      <![CDATA[Trying to click on: [[ChromeDriver: chrome on WINDOWS (c7bce59ad91e83dea763c7047b35af71)] -> xpath: //input[@id='cgv']]]]>
    </line>
    <line>
      <![CDATA[Clicked on: [[ChromeDriver: chrome on WINDOWS (c7bce59ad91e83dea763c7047b35af71)] -> xpath: //input[@id='cgv']]]]>
    </line>
    <line>
      <![CDATA[Trying to find Element By : By.xpath: //button[@name='processCarrier']//span[contains(text(),'Proceed to checkout')]]]>
    </line>
    <line>
      <![CDATA[Found Element By : By.xpath: //button[@name='processCarrier']//span[contains(text(),'Proceed to checkout')]]]>
    </line>
    <line>
      <![CDATA[Trying to click on: [[ChromeDriver: chrome on WINDOWS (c7bce59ad91e83dea763c7047b35af71)] -> xpath: //button[@name='processCarrier']//span[contains(text(),'Proceed to checkout')]]]]>
    </line>
    <line>
      <![CDATA[Clicked on: [[ChromeDriver: chrome on WINDOWS (c7bce59ad91e83dea763c7047b35af71)] -> xpath: //button[@name='processCarrier']//span[contains(text(),'Proceed to checkout')]]]]>
    </line>
    <line>
      <![CDATA[Trying to find Element By : By.xpath: //a[@class='bankwire']]]>
    </line>
    <line>
      <![CDATA[Found Element By : By.xpath: //a[@class='bankwire']]]>
    </line>
    <line>
      <![CDATA[Trying to click on: [[ChromeDriver: chrome on WINDOWS (c7bce59ad91e83dea763c7047b35af71)] -> xpath: //a[@class='bankwire']]]]>
    </line>
    <line>
      <![CDATA[Clicked on: [[ChromeDriver: chrome on WINDOWS (c7bce59ad91e83dea763c7047b35af71)] -> xpath: //a[@class='bankwire']]]]>
    </line>
    <line>
      <![CDATA[Trying to find Element By : By.xpath: //span[contains(text(),'I confirm my order')]]]>
    </line>
    <line>
      <![CDATA[Found Element By : By.xpath: //span[contains(text(),'I confirm my order')]]]>
    </line>
    <line>
      <![CDATA[Trying to click on: [[ChromeDriver: chrome on WINDOWS (c7bce59ad91e83dea763c7047b35af71)] -> xpath: //span[contains(text(),'I confirm my order')]]]]>
    </line>
    <line>
      <![CDATA[Clicked on: [[ChromeDriver: chrome on WINDOWS (c7bce59ad91e83dea763c7047b35af71)] -> xpath: //span[contains(text(),'I confirm my order')]]]]>
    </line>
    <line>
      <![CDATA[Trying to find Element By : By.xpath: //span[@class='price']]]>
    </line>
    <line>
      <![CDATA[Found Element By : By.xpath: //span[@class='price']]]>
    </line>
    <line>
      <![CDATA[Successfully validated the order amount -$45.51]]>
    </line>
    <line>
      <![CDATA[Trying to find Element By : By.xpath: //span[@class='price']]]>
    </line>
    <line>
      <![CDATA[Found Element By : By.xpath: //span[@class='price']]]>
    </line>
    <line>
      <![CDATA[Trying to find Element By : By.xpath: //strong[contains(text(),'Your order on My Store is complete.')]]]>
    </line>
    <line>
      <![CDATA[Found Element By : By.xpath: //strong[contains(text(),'Your order on My Store is complete.')]]]>
    </line>
    <line>
      <![CDATA[Payment successfull of amount -$45.51]]>
    </line>
    <line>
      <![CDATA[Trying to find Element By : By.xpath: //a[@class='logout']]]>
    </line>
    <line>
      <![CDATA[Found Element By : By.xpath: //a[@class='logout']]]>
    </line>
    <line>
      <![CDATA[Trying to click on: [[ChromeDriver: chrome on WINDOWS (c7bce59ad91e83dea763c7047b35af71)] -> xpath: //a[@class='logout']]]]>
    </line>
    <line>
      <![CDATA[Clicked on: [[ChromeDriver: chrome on WINDOWS (c7bce59ad91e83dea763c7047b35af71)] -> xpath: //a[@class='logout']]]]>
    </line>
    <line>
      <![CDATA[Trying to find Element By : By.xpath: //div[@class='header_user_info']]]>
    </line>
    <line>
      <![CDATA[Found Element By : By.xpath: //div[@class='header_user_info']]]>
    </line>
    <line>
      <![CDATA[Logout successfull]]>
    </line>
    <line>
      <![CDATA[Before navigating to: 'http://automationpractice.com/index.php']]>
    </line>
    <line>
      <![CDATA[Exception occured: org.openqa.selenium.TimeoutException: timeout
  (Session info: chrome=80.0.3987.149)
Build info: version: '3.141.59', revision: 'e82be7d358', time: '2018-11-14T08:17:03'
System info: host: 'AVI26', ip: '192.168.1.10', os.name: 'Windows 10', os.arch: 'amd64', os.version: '10.0', java.version: '1.8.0_241'
Driver info: org.openqa.selenium.chrome.ChromeDriver
Capabilities {acceptInsecureCerts: false, browserName: chrome, browserVersion: 80.0.3987.149, chrome: {chromedriverVersion: 79.0.3945.36 (3582db32b3389..., userDataDir: C:\Users\user\AppData\Local...}, goog:chromeOptions: {debuggerAddress: localhost:38348}, javascriptEnabled: true, networkConnectionEnabled: false, pageLoadStrategy: normal, platform: WINDOWS, platformName: WINDOWS, proxy: Proxy(), setWindowRect: true, strictFileInteractability: false, timeouts: {implicit: 0, pageLoad: 300000, script: 30000}, unhandledPromptBehavior: dismiss and notify}
Session ID: 23a66396902f0f1fc95459305a7d8625]]>
    </line>
    <line>
      <![CDATA[Before navigating to: 'http://automationpractice.com/index.php']]>
    </line>
    <line>
      <![CDATA[Navigated to:'http://automationpractice.com/index.php']]>
    </line>
    <line>
      <![CDATA[Trying to find Element By : By.xpath: //ul[@id='homefeatured']//li[@class='ajax_block_product col-xs-12 col-sm-4 col-md-3 first-in-line first-item-of-tablet-line first-item-of-mobile-line']//div[@class='product-image-container']]]>
    </line>
    <line>
      <![CDATA[Found Element By : By.xpath: //ul[@id='homefeatured']//li[@class='ajax_block_product col-xs-12 col-sm-4 col-md-3 first-in-line first-item-of-tablet-line first-item-of-mobile-line']//div[@class='product-image-container']]]>
    </line>
    <line>
      <![CDATA[Trying to find Element By : By.xpath: //li[@class='ajax_block_product col-xs-12 col-sm-4 col-md-3 first-in-line first-item-of-tablet-line first-item-of-mobile-line hovered']//a[@class='product-name'][contains(text(),'Faded Short Sleeve T-shirts')]]]>
    </line>
    <line>
      <![CDATA[Found Element By : By.xpath: //li[@class='ajax_block_product col-xs-12 col-sm-4 col-md-3 first-in-line first-item-of-tablet-line first-item-of-mobile-line hovered']//a[@class='product-name'][contains(text(),'Faded Short Sleeve T-shirts')]]]>
    </line>
    <line>
      <![CDATA[Trying to click on: [[ChromeDriver: chrome on WINDOWS (23a66396902f0f1fc95459305a7d8625)] -> xpath: //li[@class='ajax_block_product col-xs-12 col-sm-4 col-md-3 first-in-line first-item-of-tablet-line first-item-of-mobile-line hovered']//a[@class='product-name'][contains(text(),'Faded Short Sleeve T-shirts')]]]]>
    </line>
    <line>
      <![CDATA[Clicked on: [[ChromeDriver: chrome on WINDOWS (23a66396902f0f1fc95459305a7d8625)] -> xpath: //li[@class='ajax_block_product col-xs-12 col-sm-4 col-md-3 first-in-line first-item-of-tablet-line first-item-of-mobile-line hovered']//a[@class='product-name'][contains(text(),'Faded Short Sleeve T-shirts')]]]]>
    </line>
    <line>
      <![CDATA[Trying to find Element By : By.xpath: //input[@id='quantity_wanted']]]>
    </line>
    <line>
      <![CDATA[Found Element By : By.xpath: //input[@id='quantity_wanted']]]>
    </line>
    <line>
      <![CDATA[Trying to find Element By : By.xpath: //input[@id='quantity_wanted']]]>
    </line>
    <line>
      <![CDATA[Found Element By : By.xpath: //input[@id='quantity_wanted']]]>
    </line>
    <line>
      <![CDATA[Trying to find Element By : By.xpath: //input[@id='quantity_wanted']]]>
    </line>
    <line>
      <![CDATA[Found Element By : By.xpath: //input[@id='quantity_wanted']]]>
    </line>
    <line>
      <![CDATA[Trying to find Element By : By.xpath: //select[@id='group_1']]]>
    </line>
    <line>
      <![CDATA[Found Element By : By.xpath: //select[@id='group_1']]]>
    </line>
    <line>
      <![CDATA[Trying to find Element By : By.xpath: //select[@id='group_1']]]>
    </line>
    <line>
      <![CDATA[Found Element By : By.xpath: //select[@id='group_1']]]>
    </line>
    <line>
      <![CDATA[Trying to find Element By : By.xpath: //select[@id='group_1']]]>
    </line>
    <line>
      <![CDATA[Found Element By : By.xpath: //select[@id='group_1']]]>
    </line>
    <line>
      <![CDATA[Trying to find Element By : By.tagName: option]]>
    </line>
    <line>
      <![CDATA[Found Element By : By.tagName: option]]>
    </line>
    <line>
      <![CDATA[Trying to click on: [[[[ChromeDriver: chrome on WINDOWS (23a66396902f0f1fc95459305a7d8625)] -> xpath: //select[@id='group_1']]] -> tag name: option]]]>
    </line>
    <line>
      <![CDATA[Clicked on: [[[[ChromeDriver: chrome on WINDOWS (23a66396902f0f1fc95459305a7d8625)] -> xpath: //select[@id='group_1']]] -> tag name: option]]]>
    </line>
    <line>
      <![CDATA[Trying to find Element By : By.xpath: //span[contains(text(),'Add to cart')]]]>
    </line>
    <line>
      <![CDATA[Found Element By : By.xpath: //span[contains(text(),'Add to cart')]]]>
    </line>
    <line>
      <![CDATA[Trying to click on: [[ChromeDriver: chrome on WINDOWS (23a66396902f0f1fc95459305a7d8625)] -> xpath: //span[contains(text(),'Add to cart')]]]]>
    </line>
    <line>
      <![CDATA[Clicked on: [[ChromeDriver: chrome on WINDOWS (23a66396902f0f1fc95459305a7d8625)] -> xpath: //span[contains(text(),'Add to cart')]]]]>
    </line>
    <line>
      <![CDATA[Trying to find Element By : By.xpath: //span[contains(text(),'Proceed to checkout')]]]>
    </line>
    <line>
      <![CDATA[Found Element By : By.xpath: //span[contains(text(),'Proceed to checkout')]]]>
    </line>
    <line>
      <![CDATA[Trying to find Element By : By.xpath: //span[contains(text(),'Proceed to checkout')]]]>
    </line>
    <line>
      <![CDATA[Found Element By : By.xpath: //span[contains(text(),'Proceed to checkout')]]]>
    </line>
    <line>
      <![CDATA[Trying to click on: [[ChromeDriver: chrome on WINDOWS (23a66396902f0f1fc95459305a7d8625)] -> xpath: //span[contains(text(),'Proceed to checkout')]]]]>
    </line>
    <line>
      <![CDATA[Clicked on: [[ChromeDriver: chrome on WINDOWS (23a66396902f0f1fc95459305a7d8625)] -> xpath: //span[contains(text(),'Proceed to checkout')]]]]>
    </line>
    <line>
      <![CDATA[Trying to find Element By : By.xpath: //span[@id='total_price']]]>
    </line>
    <line>
      <![CDATA[Found Element By : By.xpath: //span[@id='total_price']]]>
    </line>
    <line>
      <![CDATA[Trying to find Element By : By.xpath: //span[contains(@id,'total_product_price')]]]>
    </line>
    <line>
      <![CDATA[Found Element By : By.xpath: //span[contains(@id,'total_product_price')]]]>
    </line>
    <line>
      <![CDATA[Trying to find Element By : By.xpath: //span[contains(@id,'total_product_price')]]]>
    </line>
    <line>
      <![CDATA[Found Element By : By.xpath: //span[contains(@id,'total_product_price')]]]>
    </line>
    <line>
      <![CDATA[Trying to find Element By : By.xpath: //span[contains(@id,'total_product_price')]]]>
    </line>
    <line>
      <![CDATA[Found Element By : By.xpath: //span[contains(@id,'total_product_price')]]]>
    </line>
    <line>
      <![CDATA[Trying to find Element By : By.xpath: //td[@id='total_shipping']]]>
    </line>
    <line>
      <![CDATA[Found Element By : By.xpath: //td[@id='total_shipping']]]>
    </line>
    <line>
      <![CDATA[Trying to find Element By : By.xpath: //span[@id='total_price']]]>
    </line>
    <line>
      <![CDATA[Found Element By : By.xpath: //span[@id='total_price']]]>
    </line>
    <line>
      <![CDATA[Trying to find Element By : By.xpath: //a[@class='button btn btn-default standard-checkout button-medium']//span[contains(text(),'Proceed to checkout')]]]>
    </line>
    <line>
      <![CDATA[Found Element By : By.xpath: //a[@class='button btn btn-default standard-checkout button-medium']//span[contains(text(),'Proceed to checkout')]]]>
    </line>
    <line>
      <![CDATA[Trying to click on: [[ChromeDriver: chrome on WINDOWS (23a66396902f0f1fc95459305a7d8625)] -> xpath: //a[@class='button btn btn-default standard-checkout button-medium']//span[contains(text(),'Proceed to checkout')]]]]>
    </line>
    <line>
      <![CDATA[Clicked on: [[ChromeDriver: chrome on WINDOWS (23a66396902f0f1fc95459305a7d8625)] -> xpath: //a[@class='button btn btn-default standard-checkout button-medium']//span[contains(text(),'Proceed to checkout')]]]]>
    </line>
    <line>
      <![CDATA[Trying to find Element By : By.xpath: //input[@id='email']]]>
    </line>
    <line>
      <![CDATA[Found Element By : By.xpath: //input[@id='email']]]>
    </line>
    <line>
      <![CDATA[Trying to find Element By : By.xpath: //input[@id='passwd']]]>
    </line>
    <line>
      <![CDATA[Found Element By : By.xpath: //input[@id='passwd']]]>
    </line>
    <line>
      <![CDATA[Trying to find Element By : By.xpath: //button[@id='SubmitLogin']]]>
    </line>
    <line>
      <![CDATA[Found Element By : By.xpath: //button[@id='SubmitLogin']]]>
    </line>
    <line>
      <![CDATA[Trying to click on: [[ChromeDriver: chrome on WINDOWS (23a66396902f0f1fc95459305a7d8625)] -> xpath: //button[@id='SubmitLogin']]]]>
    </line>
    <line>
      <![CDATA[Clicked on: [[ChromeDriver: chrome on WINDOWS (23a66396902f0f1fc95459305a7d8625)] -> xpath: //button[@id='SubmitLogin']]]]>
    </line>
    <line>
      <![CDATA[Trying to find Element By : By.xpath: //span[contains(text(),'sunil jaiswal')]]]>
    </line>
    <line>
      <![CDATA[Found Element By : By.xpath: //span[contains(text(),'sunil jaiswal')]]]>
    </line>
    <line>
      <![CDATA[Successful logging with username -  sunjai190688@gmail.com]]>
    </line>
    <line>
      <![CDATA[Trying to find Element By : By.xpath: //button[@name='processAddress']//span[contains(text(),'Proceed to checkout')]]]>
    </line>
    <line>
      <![CDATA[Found Element By : By.xpath: //button[@name='processAddress']//span[contains(text(),'Proceed to checkout')]]]>
    </line>
    <line>
      <![CDATA[Trying to click on: [[ChromeDriver: chrome on WINDOWS (23a66396902f0f1fc95459305a7d8625)] -> xpath: //button[@name='processAddress']//span[contains(text(),'Proceed to checkout')]]]]>
    </line>
    <line>
      <![CDATA[Clicked on: [[ChromeDriver: chrome on WINDOWS (23a66396902f0f1fc95459305a7d8625)] -> xpath: //button[@name='processAddress']//span[contains(text(),'Proceed to checkout')]]]]>
    </line>
    <line>
      <![CDATA[Trying to find Element By : By.xpath: //input[@id='cgv']]]>
    </line>
    <line>
      <![CDATA[Found Element By : By.xpath: //input[@id='cgv']]]>
    </line>
    <line>
      <![CDATA[Trying to click on: [[ChromeDriver: chrome on WINDOWS (23a66396902f0f1fc95459305a7d8625)] -> xpath: //input[@id='cgv']]]]>
    </line>
    <line>
      <![CDATA[Clicked on: [[ChromeDriver: chrome on WINDOWS (23a66396902f0f1fc95459305a7d8625)] -> xpath: //input[@id='cgv']]]]>
    </line>
    <line>
      <![CDATA[Trying to find Element By : By.xpath: //button[@name='processCarrier']//span[contains(text(),'Proceed to checkout')]]]>
    </line>
    <line>
      <![CDATA[Found Element By : By.xpath: //button[@name='processCarrier']//span[contains(text(),'Proceed to checkout')]]]>
    </line>
    <line>
      <![CDATA[Trying to click on: [[ChromeDriver: chrome on WINDOWS (23a66396902f0f1fc95459305a7d8625)] -> xpath: //button[@name='processCarrier']//span[contains(text(),'Proceed to checkout')]]]]>
    </line>
    <line>
      <![CDATA[Clicked on: [[ChromeDriver: chrome on WINDOWS (23a66396902f0f1fc95459305a7d8625)] -> xpath: //button[@name='processCarrier']//span[contains(text(),'Proceed to checkout')]]]]>
    </line>
    <line>
      <![CDATA[Trying to find Element By : By.xpath: //a[@class='bankwire']]]>
    </line>
    <line>
      <![CDATA[Found Element By : By.xpath: //a[@class='bankwire']]]>
    </line>
    <line>
      <![CDATA[Trying to click on: [[ChromeDriver: chrome on WINDOWS (23a66396902f0f1fc95459305a7d8625)] -> xpath: //a[@class='bankwire']]]]>
    </line>
    <line>
      <![CDATA[Clicked on: [[ChromeDriver: chrome on WINDOWS (23a66396902f0f1fc95459305a7d8625)] -> xpath: //a[@class='bankwire']]]]>
    </line>
    <line>
      <![CDATA[Trying to find Element By : By.xpath: //span[contains(text(),'I confirm my order')]]]>
    </line>
    <line>
      <![CDATA[Found Element By : By.xpath: //span[contains(text(),'I confirm my order')]]]>
    </line>
    <line>
      <![CDATA[Trying to click on: [[ChromeDriver: chrome on WINDOWS (23a66396902f0f1fc95459305a7d8625)] -> xpath: //span[contains(text(),'I confirm my order')]]]]>
    </line>
    <line>
      <![CDATA[Clicked on: [[ChromeDriver: chrome on WINDOWS (23a66396902f0f1fc95459305a7d8625)] -> xpath: //span[contains(text(),'I confirm my order')]]]]>
    </line>
    <line>
      <![CDATA[Trying to find Element By : By.xpath: //span[@class='price']]]>
    </line>
    <line>
      <![CDATA[Found Element By : By.xpath: //span[@class='price']]]>
    </line>
    <line>
      <![CDATA[Successfully validated the order amount -$35.02]]>
    </line>
    <line>
      <![CDATA[Trying to find Element By : By.xpath: //span[@class='price']]]>
    </line>
    <line>
      <![CDATA[Found Element By : By.xpath: //span[@class='price']]]>
    </line>
    <line>
      <![CDATA[Trying to find Element By : By.xpath: //strong[contains(text(),'Your order on My Store is complete.')]]]>
    </line>
    <line>
      <![CDATA[Found Element By : By.xpath: //strong[contains(text(),'Your order on My Store is complete.')]]]>
    </line>
    <line>
      <![CDATA[Payment successfull of amount -$35.02]]>
    </line>
    <line>
      <![CDATA[Trying to find Element By : By.xpath: //a[@class='logout']]]>
    </line>
    <line>
      <![CDATA[Found Element By : By.xpath: //a[@class='logout']]]>
    </line>
    <line>
      <![CDATA[Trying to click on: [[ChromeDriver: chrome on WINDOWS (23a66396902f0f1fc95459305a7d8625)] -> xpath: //a[@class='logout']]]]>
    </line>
    <line>
      <![CDATA[Clicked on: [[ChromeDriver: chrome on WINDOWS (23a66396902f0f1fc95459305a7d8625)] -> xpath: //a[@class='logout']]]]>
    </line>
    <line>
      <![CDATA[Trying to find Element By : By.xpath: //div[@class='header_user_info']]]>
    </line>
    <line>
      <![CDATA[Found Element By : By.xpath: //div[@class='header_user_info']]]>
    </line>
    <line>
      <![CDATA[Logout successfull]]>
    </line>
    <line>
      <![CDATA[Before navigating to: 'http://automationpractice.com/index.php']]>
    </line>
    <line>
      <![CDATA[Navigated to:'http://automationpractice.com/index.php']]>
    </line>
    <line>
      <![CDATA[Before navigating to: 'http://automationpractice.com/index.php']]>
    </line>
    <line>
      <![CDATA[Navigated to:'http://automationpractice.com/index.php']]>
    </line>
    <line>
      <![CDATA[Trying to find Element By : By.xpath: //*[@id="block_top_menu"]/ul/li[2]/a]]>
    </line>
    <line>
      <![CDATA[Found Element By : By.xpath: //*[@id="block_top_menu"]/ul/li[2]/a]]>
    </line>
    <line>
      <![CDATA[Trying to click on: [[ChromeDriver: chrome on WINDOWS (db4021f6dcdf067ee33a28fd55defa53)] -> xpath: //*[@id="block_top_menu"]/ul/li[2]/a]]]>
    </line>
    <line>
      <![CDATA[Clicked on: [[ChromeDriver: chrome on WINDOWS (db4021f6dcdf067ee33a28fd55defa53)] -> xpath: //*[@id="block_top_menu"]/ul/li[2]/a]]]>
    </line>
    <line>
      <![CDATA[Trying to find Element By : By.xpath: //body[@id='category']/div[@id='page']/div/div[@id='columns']/div/div[@id='center_column']/ul/li[1]/div[1]/div[1]/div[1]]]>
    </line>
    <line>
      <![CDATA[Found Element By : By.xpath: //body[@id='category']/div[@id='page']/div/div[@id='columns']/div/div[@id='center_column']/ul/li[1]/div[1]/div[1]/div[1]]]>
    </line>
    <line>
      <![CDATA[Trying to find Element By : By.xpath: //li[1]//div[1]//div[2]//div[2]//a[1]//span[1]]]>
    </line>
    <line>
      <![CDATA[Found Element By : By.xpath: //li[1]//div[1]//div[2]//div[2]//a[1]//span[1]]]>
    </line>
    <line>
      <![CDATA[Trying to click on: [[ChromeDriver: chrome on WINDOWS (db4021f6dcdf067ee33a28fd55defa53)] -> xpath: //li[1]//div[1]//div[2]//div[2]//a[1]//span[1]]]]>
    </line>
    <line>
      <![CDATA[Clicked on: [[ChromeDriver: chrome on WINDOWS (db4021f6dcdf067ee33a28fd55defa53)] -> xpath: //li[1]//div[1]//div[2]//div[2]//a[1]//span[1]]]]>
    </line>
    <line>
      <![CDATA[Trying to find Element By : By.xpath: //span[@class='continue btn btn-default button exclusive-medium']//span[1]]]>
    </line>
    <line>
      <![CDATA[Found Element By : By.xpath: //span[@class='continue btn btn-default button exclusive-medium']//span[1]]]>
    </line>
    <line>
      <![CDATA[Trying to click on: [[ChromeDriver: chrome on WINDOWS (db4021f6dcdf067ee33a28fd55defa53)] -> xpath: //span[@class='continue btn btn-default button exclusive-medium']//span[1]]]]>
    </line>
    <line>
      <![CDATA[Clicked on: [[ChromeDriver: chrome on WINDOWS (db4021f6dcdf067ee33a28fd55defa53)] -> xpath: //span[@class='continue btn btn-default button exclusive-medium']//span[1]]]]>
    </line>
    <line>
      <![CDATA[Trying to find Element By : By.xpath: //li[@class='ajax_block_product col-xs-12 col-sm-6 col-md-4 last-item-of-tablet-line']//a[@class='product_img_link']]]>
    </line>
    <line>
      <![CDATA[Found Element By : By.xpath: //li[@class='ajax_block_product col-xs-12 col-sm-6 col-md-4 last-item-of-tablet-line']//a[@class='product_img_link']]]>
    </line>
    <line>
      <![CDATA[Trying to find Element By : By.xpath: //li[2]//div[1]//div[2]//div[2]//a[1]//span[1]]]>
    </line>
    <line>
      <![CDATA[Found Element By : By.xpath: //li[2]//div[1]//div[2]//div[2]//a[1]//span[1]]]>
    </line>
    <line>
      <![CDATA[Trying to click on: [[ChromeDriver: chrome on WINDOWS (db4021f6dcdf067ee33a28fd55defa53)] -> xpath: //li[2]//div[1]//div[2]//div[2]//a[1]//span[1]]]]>
    </line>
    <line>
      <![CDATA[Clicked on: [[ChromeDriver: chrome on WINDOWS (db4021f6dcdf067ee33a28fd55defa53)] -> xpath: //li[2]//div[1]//div[2]//div[2]//a[1]//span[1]]]]>
    </line>
    <line>
      <![CDATA[Trying to find Element By : By.xpath: //span[@class='continue btn btn-default button exclusive-medium']//span[1]]]>
    </line>
    <line>
      <![CDATA[Found Element By : By.xpath: //span[@class='continue btn btn-default button exclusive-medium']//span[1]]]>
    </line>
    <line>
      <![CDATA[Trying to click on: [[ChromeDriver: chrome on WINDOWS (db4021f6dcdf067ee33a28fd55defa53)] -> xpath: //span[@class='continue btn btn-default button exclusive-medium']//span[1]]]]>
    </line>
    <line>
      <![CDATA[Clicked on: [[ChromeDriver: chrome on WINDOWS (db4021f6dcdf067ee33a28fd55defa53)] -> xpath: //span[@class='continue btn btn-default button exclusive-medium']//span[1]]]]>
    </line>
    <line>
      <![CDATA[Trying to find Element By : By.xpath: //b[contains(text(),'Cart')]]]>
    </line>
    <line>
      <![CDATA[Found Element By : By.xpath: //b[contains(text(),'Cart')]]]>
    </line>
    <line>
      <![CDATA[Trying to click on: [[ChromeDriver: chrome on WINDOWS (db4021f6dcdf067ee33a28fd55defa53)] -> xpath: //b[contains(text(),'Cart')]]]]>
    </line>
    <line>
      <![CDATA[Clicked on: [[ChromeDriver: chrome on WINDOWS (db4021f6dcdf067ee33a28fd55defa53)] -> xpath: //b[contains(text(),'Cart')]]]]>
    </line>
    <line>
      <![CDATA[Trying to find Element By : By.xpath: //span[@id='total_price']]]>
    </line>
    <line>
      <![CDATA[Found Element By : By.xpath: //span[@id='total_price']]]>
    </line>
    <line>
      <![CDATA[Trying to find Element By : By.xpath: //span[contains(@id,'total_product_price')]]]>
    </line>
    <line>
      <![CDATA[Found Element By : By.xpath: //span[contains(@id,'total_product_price')]]]>
    </line>
    <line>
      <![CDATA[Trying to find Element By : By.xpath: //span[contains(@id,'total_product_price')]]]>
    </line>
    <line>
      <![CDATA[Found Element By : By.xpath: //span[contains(@id,'total_product_price')]]]>
    </line>
    <line>
      <![CDATA[Trying to find Element By : By.xpath: //span[contains(@id,'total_product_price')]]]>
    </line>
    <line>
      <![CDATA[Found Element By : By.xpath: //span[contains(@id,'total_product_price')]]]>
    </line>
    <line>
      <![CDATA[Trying to find Element By : By.xpath: //span[contains(@id,'total_product_price')]]]>
    </line>
    <line>
      <![CDATA[Found Element By : By.xpath: //span[contains(@id,'total_product_price')]]]>
    </line>
    <line>
      <![CDATA[Trying to find Element By : By.xpath: //span[contains(@id,'total_product_price')]]]>
    </line>
    <line>
      <![CDATA[Found Element By : By.xpath: //span[contains(@id,'total_product_price')]]]>
    </line>
    <line>
      <![CDATA[Trying to find Element By : By.xpath: //td[@id='total_shipping']]]>
    </line>
    <line>
      <![CDATA[Found Element By : By.xpath: //td[@id='total_shipping']]]>
    </line>
    <line>
      <![CDATA[Trying to find Element By : By.xpath: //span[@id='total_price']]]>
    </line>
    <line>
      <![CDATA[Found Element By : By.xpath: //span[@id='total_price']]]>
    </line>
    <line>
      <![CDATA[Trying to find Element By : By.xpath: //a[@class='button btn btn-default standard-checkout button-medium']//span[contains(text(),'Proceed to checkout')]]]>
    </line>
    <line>
      <![CDATA[Found Element By : By.xpath: //a[@class='button btn btn-default standard-checkout button-medium']//span[contains(text(),'Proceed to checkout')]]]>
    </line>
    <line>
      <![CDATA[Trying to click on: [[ChromeDriver: chrome on WINDOWS (db4021f6dcdf067ee33a28fd55defa53)] -> xpath: //a[@class='button btn btn-default standard-checkout button-medium']//span[contains(text(),'Proceed to checkout')]]]]>
    </line>
    <line>
      <![CDATA[Clicked on: [[ChromeDriver: chrome on WINDOWS (db4021f6dcdf067ee33a28fd55defa53)] -> xpath: //a[@class='button btn btn-default standard-checkout button-medium']//span[contains(text(),'Proceed to checkout')]]]]>
    </line>
    <line>
      <![CDATA[Trying to find Element By : By.xpath: //input[@id='email']]]>
    </line>
    <line>
      <![CDATA[Found Element By : By.xpath: //input[@id='email']]]>
    </line>
    <line>
      <![CDATA[Trying to find Element By : By.xpath: //input[@id='passwd']]]>
    </line>
    <line>
      <![CDATA[Found Element By : By.xpath: //input[@id='passwd']]]>
    </line>
    <line>
      <![CDATA[Trying to find Element By : By.xpath: //button[@id='SubmitLogin']]]>
    </line>
    <line>
      <![CDATA[Found Element By : By.xpath: //button[@id='SubmitLogin']]]>
    </line>
    <line>
      <![CDATA[Trying to click on: [[ChromeDriver: chrome on WINDOWS (db4021f6dcdf067ee33a28fd55defa53)] -> xpath: //button[@id='SubmitLogin']]]]>
    </line>
    <line>
      <![CDATA[Clicked on: [[ChromeDriver: chrome on WINDOWS (db4021f6dcdf067ee33a28fd55defa53)] -> xpath: //button[@id='SubmitLogin']]]]>
    </line>
    <line>
      <![CDATA[Trying to find Element By : By.xpath: //span[contains(text(),'sunil jaiswal')]]]>
    </line>
    <line>
      <![CDATA[Found Element By : By.xpath: //span[contains(text(),'sunil jaiswal')]]]>
    </line>
    <line>
      <![CDATA[Successful logging with username -  sunjai190688@gmail.com]]>
    </line>
    <line>
      <![CDATA[Trying to find Element By : By.xpath: //button[@name='processAddress']//span[contains(text(),'Proceed to checkout')]]]>
    </line>
    <line>
      <![CDATA[Found Element By : By.xpath: //button[@name='processAddress']//span[contains(text(),'Proceed to checkout')]]]>
    </line>
    <line>
      <![CDATA[Trying to click on: [[ChromeDriver: chrome on WINDOWS (db4021f6dcdf067ee33a28fd55defa53)] -> xpath: //button[@name='processAddress']//span[contains(text(),'Proceed to checkout')]]]]>
    </line>
    <line>
      <![CDATA[Clicked on: [[ChromeDriver: chrome on WINDOWS (db4021f6dcdf067ee33a28fd55defa53)] -> xpath: //button[@name='processAddress']//span[contains(text(),'Proceed to checkout')]]]]>
    </line>
    <line>
      <![CDATA[Trying to find Element By : By.xpath: //input[@id='cgv']]]>
    </line>
    <line>
      <![CDATA[Found Element By : By.xpath: //input[@id='cgv']]]>
    </line>
    <line>
      <![CDATA[Trying to click on: [[ChromeDriver: chrome on WINDOWS (db4021f6dcdf067ee33a28fd55defa53)] -> xpath: //input[@id='cgv']]]]>
    </line>
    <line>
      <![CDATA[Clicked on: [[ChromeDriver: chrome on WINDOWS (db4021f6dcdf067ee33a28fd55defa53)] -> xpath: //input[@id='cgv']]]]>
    </line>
    <line>
      <![CDATA[Trying to find Element By : By.xpath: //button[@name='processCarrier']//span[contains(text(),'Proceed to checkout')]]]>
    </line>
    <line>
      <![CDATA[Found Element By : By.xpath: //button[@name='processCarrier']//span[contains(text(),'Proceed to checkout')]]]>
    </line>
    <line>
      <![CDATA[Trying to click on: [[ChromeDriver: chrome on WINDOWS (db4021f6dcdf067ee33a28fd55defa53)] -> xpath: //button[@name='processCarrier']//span[contains(text(),'Proceed to checkout')]]]]>
    </line>
    <line>
      <![CDATA[Clicked on: [[ChromeDriver: chrome on WINDOWS (db4021f6dcdf067ee33a28fd55defa53)] -> xpath: //button[@name='processCarrier']//span[contains(text(),'Proceed to checkout')]]]]>
    </line>
    <line>
      <![CDATA[Trying to find Element By : By.xpath: //a[@class='bankwire']]]>
    </line>
    <line>
      <![CDATA[Found Element By : By.xpath: //a[@class='bankwire']]]>
    </line>
    <line>
      <![CDATA[Trying to click on: [[ChromeDriver: chrome on WINDOWS (db4021f6dcdf067ee33a28fd55defa53)] -> xpath: //a[@class='bankwire']]]]>
    </line>
    <line>
      <![CDATA[Clicked on: [[ChromeDriver: chrome on WINDOWS (db4021f6dcdf067ee33a28fd55defa53)] -> xpath: //a[@class='bankwire']]]]>
    </line>
    <line>
      <![CDATA[Trying to find Element By : By.xpath: //span[contains(text(),'I confirm my order')]]]>
    </line>
    <line>
      <![CDATA[Found Element By : By.xpath: //span[contains(text(),'I confirm my order')]]]>
    </line>
    <line>
      <![CDATA[Trying to click on: [[ChromeDriver: chrome on WINDOWS (db4021f6dcdf067ee33a28fd55defa53)] -> xpath: //span[contains(text(),'I confirm my order')]]]]>
    </line>
    <line>
      <![CDATA[Clicked on: [[ChromeDriver: chrome on WINDOWS (db4021f6dcdf067ee33a28fd55defa53)] -> xpath: //span[contains(text(),'I confirm my order')]]]]>
    </line>
    <line>
      <![CDATA[Trying to find Element By : By.xpath: //span[@class='price']]]>
    </line>
    <line>
      <![CDATA[Found Element By : By.xpath: //span[@class='price']]]>
    </line>
    <line>
      <![CDATA[Successfully validated the order amount -$78.99]]>
    </line>
    <line>
      <![CDATA[Trying to find Element By : By.xpath: //span[@class='price']]]>
    </line>
    <line>
      <![CDATA[Found Element By : By.xpath: //span[@class='price']]]>
    </line>
    <line>
      <![CDATA[Trying to find Element By : By.xpath: //strong[contains(text(),'Your order on My Store is complete.')]]]>
    </line>
    <line>
      <![CDATA[Found Element By : By.xpath: //strong[contains(text(),'Your order on My Store is complete.')]]]>
    </line>
    <line>
      <![CDATA[Payment successfull of amount -$78.99]]>
    </line>
    <line>
      <![CDATA[Trying to find Element By : By.xpath: //a[@class='logout']]]>
    </line>
    <line>
      <![CDATA[Found Element By : By.xpath: //a[@class='logout']]]>
    </line>
    <line>
      <![CDATA[Trying to click on: [[ChromeDriver: chrome on WINDOWS (db4021f6dcdf067ee33a28fd55defa53)] -> xpath: //a[@class='logout']]]]>
    </line>
    <line>
      <![CDATA[Clicked on: [[ChromeDriver: chrome on WINDOWS (db4021f6dcdf067ee33a28fd55defa53)] -> xpath: //a[@class='logout']]]]>
    </line>
    <line>
      <![CDATA[Trying to find Element By : By.xpath: //div[@class='header_user_info']]]>
    </line>
    <line>
      <![CDATA[Found Element By : By.xpath: //div[@class='header_user_info']]]>
    </line>
    <line>
      <![CDATA[Logout successfull]]>
    </line>
  </reporter-output>
  <suite name="Suite" duration-ms="528027" started-at="2020-04-07T16:35:50Z" finished-at="2020-04-07T16:44:38Z">
    <groups>
    </groups>
    <test name="Test1" duration-ms="120071" started-at="2020-04-07T16:35:50Z" finished-at="2020-04-07T16:37:50Z">
      <class name="com.AP.qa.test.TC001_Single_Product_Checkout">
        <test-method status="PASS" signature="init(java.lang.String)[pri:0, instance:com.AP.qa.test.TC001_Single_Product_Checkout@2de8284b]" name="init" is-config="true" duration-ms="50027" started-at="2020-04-07T22:05:50Z" finished-at="2020-04-07T22:06:40Z">
          <params>
            <param index="0">
              <value>
                <![CDATA[chrome]]>
              </value>
            </param>
          </params>
          <reporter-output>
            <line>
              <![CDATA[Before navigating to: 'http://automationpractice.com/index.php']]>
            </line>
            <line>
              <![CDATA[Navigated to:'http://automationpractice.com/index.php']]>
            </line>
            <line>
              <![CDATA[Before navigating to: 'http://automationpractice.com/index.php']]>
            </line>
            <line>
              <![CDATA[Navigated to:'http://automationpractice.com/index.php']]>
            </line>
          </reporter-output>
        </test-method> <!-- init -->
        <test-method status="PASS" signature="LoginTest()[pri:0, instance:com.AP.qa.test.TC001_Single_Product_Checkout@2de8284b]" name="LoginTest" duration-ms="20920" started-at="2020-04-07T22:06:40Z" finished-at="2020-04-07T22:07:01Z">
          <reporter-output>
            <line>
              <![CDATA[Trying to find Element By : By.xpath: //a[@class='login']]]>
            </line>
            <line>
              <![CDATA[Found Element By : By.xpath: //a[@class='login']]]>
            </line>
            <line>
              <![CDATA[Trying to click on: [[ChromeDriver: chrome on WINDOWS (812be70e9f0115611a583b17fdd548f6)] -> xpath: //a[@class='login']]]]>
            </line>
            <line>
              <![CDATA[Clicked on: [[ChromeDriver: chrome on WINDOWS (812be70e9f0115611a583b17fdd548f6)] -> xpath: //a[@class='login']]]]>
            </line>
            <line>
              <![CDATA[Trying to find Element By : By.xpath: //input[@id='email']]]>
            </line>
            <line>
              <![CDATA[Found Element By : By.xpath: //input[@id='email']]]>
            </line>
            <line>
              <![CDATA[Trying to find Element By : By.xpath: //input[@id='passwd']]]>
            </line>
            <line>
              <![CDATA[Found Element By : By.xpath: //input[@id='passwd']]]>
            </line>
            <line>
              <![CDATA[Trying to find Element By : By.xpath: //button[@id='SubmitLogin']]]>
            </line>
            <line>
              <![CDATA[Found Element By : By.xpath: //button[@id='SubmitLogin']]]>
            </line>
            <line>
              <![CDATA[Trying to click on: [[ChromeDriver: chrome on WINDOWS (812be70e9f0115611a583b17fdd548f6)] -> xpath: //button[@id='SubmitLogin']]]]>
            </line>
            <line>
              <![CDATA[Clicked on: [[ChromeDriver: chrome on WINDOWS (812be70e9f0115611a583b17fdd548f6)] -> xpath: //button[@id='SubmitLogin']]]]>
            </line>
            <line>
              <![CDATA[Trying to find Element By : By.xpath: //span[contains(text(),'sunil jaiswal')]]]>
            </line>
            <line>
              <![CDATA[Found Element By : By.xpath: //span[contains(text(),'sunil jaiswal')]]]>
            </line>
            <line>
              <![CDATA[Successful logging with username -  sunjai190688@gmail.com]]>
            </line>
            <line>
              <![CDATA[Trying to find Element By : By.xpath: //img[@class='logo img-responsive']]]>
            </line>
            <line>
              <![CDATA[Found Element By : By.xpath: //img[@class='logo img-responsive']]]>
            </line>
            <line>
              <![CDATA[Trying to click on: [[ChromeDriver: chrome on WINDOWS (812be70e9f0115611a583b17fdd548f6)] -> xpath: //img[@class='logo img-responsive']]]]>
            </line>
            <line>
              <![CDATA[Clicked on: [[ChromeDriver: chrome on WINDOWS (812be70e9f0115611a583b17fdd548f6)] -> xpath: //img[@class='logo img-responsive']]]]>
            </line>
          </reporter-output>
        </test-method> <!-- LoginTest -->
        <test-method status="PASS" signature="BookingTest()[pri:2, instance:com.AP.qa.test.TC001_Single_Product_Checkout@2de8284b]" name="BookingTest" duration-ms="15195" started-at="2020-04-07T22:07:01Z" finished-at="2020-04-07T22:07:16Z">
          <reporter-output>
            <line>
              <![CDATA[Trying to find Element By : By.xpath: //ul[@id='homefeatured']//li[@class='ajax_block_product col-xs-12 col-sm-4 col-md-3 first-in-line first-item-of-tablet-line first-item-of-mobile-line']//div[@class='product-image-container']]]>
            </line>
            <line>
              <![CDATA[Found Element By : By.xpath: //ul[@id='homefeatured']//li[@class='ajax_block_product col-xs-12 col-sm-4 col-md-3 first-in-line first-item-of-tablet-line first-item-of-mobile-line']//div[@class='product-image-container']]]>
            </line>
            <line>
              <![CDATA[Trying to find Element By : By.xpath: //li[@class='ajax_block_product col-xs-12 col-sm-4 col-md-3 first-in-line first-item-of-tablet-line first-item-of-mobile-line hovered']//a[@class='product-name'][contains(text(),'Faded Short Sleeve T-shirts')]]]>
            </line>
            <line>
              <![CDATA[Found Element By : By.xpath: //li[@class='ajax_block_product col-xs-12 col-sm-4 col-md-3 first-in-line first-item-of-tablet-line first-item-of-mobile-line hovered']//a[@class='product-name'][contains(text(),'Faded Short Sleeve T-shirts')]]]>
            </line>
            <line>
              <![CDATA[Trying to click on: [[ChromeDriver: chrome on WINDOWS (812be70e9f0115611a583b17fdd548f6)] -> xpath: //li[@class='ajax_block_product col-xs-12 col-sm-4 col-md-3 first-in-line first-item-of-tablet-line first-item-of-mobile-line hovered']//a[@class='product-name'][contains(text(),'Faded Short Sleeve T-shirts')]]]]>
            </line>
            <line>
              <![CDATA[Clicked on: [[ChromeDriver: chrome on WINDOWS (812be70e9f0115611a583b17fdd548f6)] -> xpath: //li[@class='ajax_block_product col-xs-12 col-sm-4 col-md-3 first-in-line first-item-of-tablet-line first-item-of-mobile-line hovered']//a[@class='product-name'][contains(text(),'Faded Short Sleeve T-shirts')]]]]>
            </line>
            <line>
              <![CDATA[Trying to find Element By : By.xpath: //input[@id='quantity_wanted']]]>
            </line>
            <line>
              <![CDATA[Found Element By : By.xpath: //input[@id='quantity_wanted']]]>
            </line>
            <line>
              <![CDATA[Trying to find Element By : By.xpath: //input[@id='quantity_wanted']]]>
            </line>
            <line>
              <![CDATA[Found Element By : By.xpath: //input[@id='quantity_wanted']]]>
            </line>
            <line>
              <![CDATA[Trying to find Element By : By.xpath: //input[@id='quantity_wanted']]]>
            </line>
            <line>
              <![CDATA[Found Element By : By.xpath: //input[@id='quantity_wanted']]]>
            </line>
            <line>
              <![CDATA[Trying to find Element By : By.xpath: //select[@id='group_1']]]>
            </line>
            <line>
              <![CDATA[Found Element By : By.xpath: //select[@id='group_1']]]>
            </line>
            <line>
              <![CDATA[Trying to find Element By : By.xpath: //select[@id='group_1']]]>
            </line>
            <line>
              <![CDATA[Found Element By : By.xpath: //select[@id='group_1']]]>
            </line>
            <line>
              <![CDATA[Trying to find Element By : By.xpath: //select[@id='group_1']]]>
            </line>
            <line>
              <![CDATA[Found Element By : By.xpath: //select[@id='group_1']]]>
            </line>
            <line>
              <![CDATA[Trying to find Element By : By.tagName: option]]>
            </line>
            <line>
              <![CDATA[Found Element By : By.tagName: option]]>
            </line>
            <line>
              <![CDATA[Trying to click on: [[[[ChromeDriver: chrome on WINDOWS (812be70e9f0115611a583b17fdd548f6)] -> xpath: //select[@id='group_1']]] -> tag name: option]]]>
            </line>
            <line>
              <![CDATA[Clicked on: [[[[ChromeDriver: chrome on WINDOWS (812be70e9f0115611a583b17fdd548f6)] -> xpath: //select[@id='group_1']]] -> tag name: option]]]>
            </line>
            <line>
              <![CDATA[Trying to find Element By : By.xpath: //span[contains(text(),'Add to cart')]]]>
            </line>
            <line>
              <![CDATA[Found Element By : By.xpath: //span[contains(text(),'Add to cart')]]]>
            </line>
            <line>
              <![CDATA[Trying to click on: [[ChromeDriver: chrome on WINDOWS (812be70e9f0115611a583b17fdd548f6)] -> xpath: //span[contains(text(),'Add to cart')]]]]>
            </line>
            <line>
              <![CDATA[Clicked on: [[ChromeDriver: chrome on WINDOWS (812be70e9f0115611a583b17fdd548f6)] -> xpath: //span[contains(text(),'Add to cart')]]]]>
            </line>
            <line>
              <![CDATA[Trying to find Element By : By.xpath: //span[contains(text(),'Proceed to checkout')]]]>
            </line>
            <line>
              <![CDATA[Found Element By : By.xpath: //span[contains(text(),'Proceed to checkout')]]]>
            </line>
            <line>
              <![CDATA[Trying to find Element By : By.xpath: //span[contains(text(),'Proceed to checkout')]]]>
            </line>
            <line>
              <![CDATA[Found Element By : By.xpath: //span[contains(text(),'Proceed to checkout')]]]>
            </line>
            <line>
              <![CDATA[Trying to click on: [[ChromeDriver: chrome on WINDOWS (812be70e9f0115611a583b17fdd548f6)] -> xpath: //span[contains(text(),'Proceed to checkout')]]]]>
            </line>
            <line>
              <![CDATA[Clicked on: [[ChromeDriver: chrome on WINDOWS (812be70e9f0115611a583b17fdd548f6)] -> xpath: //span[contains(text(),'Proceed to checkout')]]]]>
            </line>
          </reporter-output>
        </test-method> <!-- BookingTest -->
        <test-method status="PASS" signature="PaymentTest()[pri:3, instance:com.AP.qa.test.TC001_Single_Product_Checkout@2de8284b]" name="PaymentTest" duration-ms="27520" started-at="2020-04-07T22:07:16Z" finished-at="2020-04-07T22:07:44Z">
          <reporter-output>
            <line>
              <![CDATA[Trying to find Element By : By.xpath: //span[@id='total_price']]]>
            </line>
            <line>
              <![CDATA[Found Element By : By.xpath: //span[@id='total_price']]]>
            </line>
            <line>
              <![CDATA[Trying to find Element By : By.xpath: //span[contains(@id,'total_product_price')]]]>
            </line>
            <line>
              <![CDATA[Found Element By : By.xpath: //span[contains(@id,'total_product_price')]]]>
            </line>
            <line>
              <![CDATA[Trying to find Element By : By.xpath: //span[contains(@id,'total_product_price')]]]>
            </line>
            <line>
              <![CDATA[Found Element By : By.xpath: //span[contains(@id,'total_product_price')]]]>
            </line>
            <line>
              <![CDATA[Trying to find Element By : By.xpath: //span[contains(@id,'total_product_price')]]]>
            </line>
            <line>
              <![CDATA[Found Element By : By.xpath: //span[contains(@id,'total_product_price')]]]>
            </line>
            <line>
              <![CDATA[Trying to find Element By : By.xpath: //td[@id='total_shipping']]]>
            </line>
            <line>
              <![CDATA[Found Element By : By.xpath: //td[@id='total_shipping']]]>
            </line>
            <line>
              <![CDATA[Trying to find Element By : By.xpath: //span[@id='total_price']]]>
            </line>
            <line>
              <![CDATA[Found Element By : By.xpath: //span[@id='total_price']]]>
            </line>
            <line>
              <![CDATA[Trying to find Element By : By.xpath: //a[@class='button btn btn-default standard-checkout button-medium']//span[contains(text(),'Proceed to checkout')]]]>
            </line>
            <line>
              <![CDATA[Found Element By : By.xpath: //a[@class='button btn btn-default standard-checkout button-medium']//span[contains(text(),'Proceed to checkout')]]]>
            </line>
            <line>
              <![CDATA[Trying to click on: [[ChromeDriver: chrome on WINDOWS (812be70e9f0115611a583b17fdd548f6)] -> xpath: //a[@class='button btn btn-default standard-checkout button-medium']//span[contains(text(),'Proceed to checkout')]]]]>
            </line>
            <line>
              <![CDATA[Clicked on: [[ChromeDriver: chrome on WINDOWS (812be70e9f0115611a583b17fdd548f6)] -> xpath: //a[@class='button btn btn-default standard-checkout button-medium']//span[contains(text(),'Proceed to checkout')]]]]>
            </line>
            <line>
              <![CDATA[Trying to find Element By : By.xpath: //button[@name='processAddress']//span[contains(text(),'Proceed to checkout')]]]>
            </line>
            <line>
              <![CDATA[Found Element By : By.xpath: //button[@name='processAddress']//span[contains(text(),'Proceed to checkout')]]]>
            </line>
            <line>
              <![CDATA[Trying to click on: [[ChromeDriver: chrome on WINDOWS (812be70e9f0115611a583b17fdd548f6)] -> xpath: //button[@name='processAddress']//span[contains(text(),'Proceed to checkout')]]]]>
            </line>
            <line>
              <![CDATA[Clicked on: [[ChromeDriver: chrome on WINDOWS (812be70e9f0115611a583b17fdd548f6)] -> xpath: //button[@name='processAddress']//span[contains(text(),'Proceed to checkout')]]]]>
            </line>
            <line>
              <![CDATA[Trying to find Element By : By.xpath: //input[@id='cgv']]]>
            </line>
            <line>
              <![CDATA[Found Element By : By.xpath: //input[@id='cgv']]]>
            </line>
            <line>
              <![CDATA[Trying to click on: [[ChromeDriver: chrome on WINDOWS (812be70e9f0115611a583b17fdd548f6)] -> xpath: //input[@id='cgv']]]]>
            </line>
            <line>
              <![CDATA[Clicked on: [[ChromeDriver: chrome on WINDOWS (812be70e9f0115611a583b17fdd548f6)] -> xpath: //input[@id='cgv']]]]>
            </line>
            <line>
              <![CDATA[Trying to find Element By : By.xpath: //button[@name='processCarrier']//span[contains(text(),'Proceed to checkout')]]]>
            </line>
            <line>
              <![CDATA[Found Element By : By.xpath: //button[@name='processCarrier']//span[contains(text(),'Proceed to checkout')]]]>
            </line>
            <line>
              <![CDATA[Trying to click on: [[ChromeDriver: chrome on WINDOWS (812be70e9f0115611a583b17fdd548f6)] -> xpath: //button[@name='processCarrier']//span[contains(text(),'Proceed to checkout')]]]]>
            </line>
            <line>
              <![CDATA[Clicked on: [[ChromeDriver: chrome on WINDOWS (812be70e9f0115611a583b17fdd548f6)] -> xpath: //button[@name='processCarrier']//span[contains(text(),'Proceed to checkout')]]]]>
            </line>
            <line>
              <![CDATA[Trying to find Element By : By.xpath: //a[@class='bankwire']]]>
            </line>
            <line>
              <![CDATA[Found Element By : By.xpath: //a[@class='bankwire']]]>
            </line>
            <line>
              <![CDATA[Trying to click on: [[ChromeDriver: chrome on WINDOWS (812be70e9f0115611a583b17fdd548f6)] -> xpath: //a[@class='bankwire']]]]>
            </line>
            <line>
              <![CDATA[Clicked on: [[ChromeDriver: chrome on WINDOWS (812be70e9f0115611a583b17fdd548f6)] -> xpath: //a[@class='bankwire']]]]>
            </line>
            <line>
              <![CDATA[Trying to find Element By : By.xpath: //span[contains(text(),'I confirm my order')]]]>
            </line>
            <line>
              <![CDATA[Found Element By : By.xpath: //span[contains(text(),'I confirm my order')]]]>
            </line>
            <line>
              <![CDATA[Trying to click on: [[ChromeDriver: chrome on WINDOWS (812be70e9f0115611a583b17fdd548f6)] -> xpath: //span[contains(text(),'I confirm my order')]]]]>
            </line>
            <line>
              <![CDATA[Clicked on: [[ChromeDriver: chrome on WINDOWS (812be70e9f0115611a583b17fdd548f6)] -> xpath: //span[contains(text(),'I confirm my order')]]]]>
            </line>
            <line>
              <![CDATA[Trying to find Element By : By.xpath: //span[@class='price']]]>
            </line>
            <line>
              <![CDATA[Found Element By : By.xpath: //span[@class='price']]]>
            </line>
            <line>
              <![CDATA[Successfully validated the order amount -$35.02]]>
            </line>
            <line>
              <![CDATA[Trying to find Element By : By.xpath: //span[@class='price']]]>
            </line>
            <line>
              <![CDATA[Found Element By : By.xpath: //span[@class='price']]]>
            </line>
            <line>
              <![CDATA[Trying to find Element By : By.xpath: //strong[contains(text(),'Your order on My Store is complete.')]]]>
            </line>
            <line>
              <![CDATA[Found Element By : By.xpath: //strong[contains(text(),'Your order on My Store is complete.')]]]>
            </line>
            <line>
              <![CDATA[Payment successfull of amount -$35.02]]>
            </line>
          </reporter-output>
        </test-method> <!-- PaymentTest -->
        <test-method status="PASS" signature="Flush()[pri:0, instance:com.AP.qa.test.TC001_Single_Product_Checkout@2de8284b]" name="Flush" is-config="true" duration-ms="6371" started-at="2020-04-07T22:07:44Z" finished-at="2020-04-07T22:07:50Z">
          <reporter-output>
            <line>
              <![CDATA[Trying to find Element By : By.xpath: //a[@class='logout']]]>
            </line>
            <line>
              <![CDATA[Found Element By : By.xpath: //a[@class='logout']]]>
            </line>
            <line>
              <![CDATA[Trying to click on: [[ChromeDriver: chrome on WINDOWS (812be70e9f0115611a583b17fdd548f6)] -> xpath: //a[@class='logout']]]]>
            </line>
            <line>
              <![CDATA[Clicked on: [[ChromeDriver: chrome on WINDOWS (812be70e9f0115611a583b17fdd548f6)] -> xpath: //a[@class='logout']]]]>
            </line>
            <line>
              <![CDATA[Trying to find Element By : By.xpath: //div[@class='header_user_info']]]>
            </line>
            <line>
              <![CDATA[Found Element By : By.xpath: //div[@class='header_user_info']]]>
            </line>
            <line>
              <![CDATA[Logout successfull]]>
            </line>
          </reporter-output>
        </test-method> <!-- Flush -->
      </class> <!-- com.AP.qa.test.TC001_Single_Product_Checkout -->
    </test> <!-- Test1 -->
[...]
            <line>
              <![CDATA[Trying to find Element By : By.xpath: //div[@class='header_user_info']]]>
            </line>
            <line>
              <![CDATA[Found Element By : By.xpath: //div[@class='header_user_info']]]>
            </line>
            <line>
              <![CDATA[Logout successfull]]>
            </line>
          </reporter-output>
        </test-method> <!-- Flush -->
        <test-method status="PASS" signature="CloseBrowser()[pri:0, instance:com.AP.qa.test.TC004_Single_Products_WithoutLogin_Checkout@545997b1]" name="CloseBrowser" is-config="true" duration-ms="0" started-at="2020-04-07T22:12:09Z" finished-at="2020-04-07T22:12:09Z">
          <reporter-output>
          </reporter-output>
        </test-method> <!-- CloseBrowser -->
      </class> <!-- com.AP.qa.test.TC004_Single_Products_WithoutLogin_Checkout -->
    </test> <!-- Test3 -->
    <test name="Test4" duration-ms="149282" started-at="2020-04-07T16:42:09Z" finished-at="2020-04-07T16:44:38Z">
      <class name="com.AP.qa.test.TC005_Multiple_Products_WithoutLogin_Checkout">
        <test-method status="PASS" signature="init()[pri:0, instance:com.AP.qa.test.TC005_Multiple_Products_WithoutLogin_Checkout@df27fae]" name="init" is-config="true" duration-ms="1" started-at="2020-04-07T22:12:09Z" finished-at="2020-04-07T22:12:09Z">
          <reporter-output>
          </reporter-output>
        </test-method> <!-- init -->
        <test-method status="PASS" signature="Setup(java.lang.String)[pri:0, instance:com.AP.qa.test.TC005_Multiple_Products_WithoutLogin_Checkout@df27fae]" name="Setup" is-config="true" duration-ms="56949" started-at="2020-04-07T22:12:09Z" finished-at="2020-04-07T22:13:06Z">
          <params>
            <param index="0">
              <value>
                <![CDATA[chrome]]>
              </value>
            </param>
          </params>
          <reporter-output>
            <line>
              <![CDATA[Before navigating to: 'http://automationpractice.com/index.php']]>
            </line>
            <line>
              <![CDATA[Navigated to:'http://automationpractice.com/index.php']]>
            </line>
            <line>
              <![CDATA[Before navigating to: 'http://automationpractice.com/index.php']]>
            </line>
            <line>
              <![CDATA[Navigated to:'http://automationpractice.com/index.php']]>
            </line>
          </reporter-output>
        </test-method> <!-- Setup -->
        <test-method status="PASS" signature="BookingTest()[pri:1, instance:com.AP.qa.test.TC005_Multiple_Products_WithoutLogin_Checkout@df27fae]" name="BookingTest" duration-ms="16412" started-at="2020-04-07T22:13:06Z" finished-at="2020-04-07T22:13:22Z">
          <reporter-output>
            <line>
              <![CDATA[Trying to find Element By : By.xpath: //*[@id="block_top_menu"]/ul/li[2]/a]]>
            </line>
            <line>
              <![CDATA[Found Element By : By.xpath: //*[@id="block_top_menu"]/ul/li[2]/a]]>
            </line>
            <line>
              <![CDATA[Trying to click on: [[ChromeDriver: chrome on WINDOWS (db4021f6dcdf067ee33a28fd55defa53)] -> xpath: //*[@id="block_top_menu"]/ul/li[2]/a]]]>
            </line>
            <line>
              <![CDATA[Clicked on: [[ChromeDriver: chrome on WINDOWS (db4021f6dcdf067ee33a28fd55defa53)] -> xpath: //*[@id="block_top_menu"]/ul/li[2]/a]]]>
            </line>
            <line>
              <![CDATA[Trying to find Element By : By.xpath: //body[@id='category']/div[@id='page']/div/div[@id='columns']/div/div[@id='center_column']/ul/li[1]/div[1]/div[1]/div[1]]]>
            </line>
            <line>
              <![CDATA[Found Element By : By.xpath: //body[@id='category']/div[@id='page']/div/div[@id='columns']/div/div[@id='center_column']/ul/li[1]/div[1]/div[1]/div[1]]]>
            </line>
            <line>
              <![CDATA[Trying to find Element By : By.xpath: //li[1]//div[1]//div[2]//div[2]//a[1]//span[1]]]>
            </line>
            <line>
              <![CDATA[Found Element By : By.xpath: //li[1]//div[1]//div[2]//div[2]//a[1]//span[1]]]>
            </line>
            <line>
              <![CDATA[Trying to click on: [[ChromeDriver: chrome on WINDOWS (db4021f6dcdf067ee33a28fd55defa53)] -> xpath: //li[1]//div[1]//div[2]//div[2]//a[1]//span[1]]]]>
            </line>
            <line>
              <![CDATA[Clicked on: [[ChromeDriver: chrome on WINDOWS (db4021f6dcdf067ee33a28fd55defa53)] -> xpath: //li[1]//div[1]//div[2]//div[2]//a[1]//span[1]]]]>
            </line>
            <line>
              <![CDATA[Trying to find Element By : By.xpath: //span[@class='continue btn btn-default button exclusive-medium']//span[1]]]>
            </line>
            <line>
              <![CDATA[Found Element By : By.xpath: //span[@class='continue btn btn-default button exclusive-medium']//span[1]]]>
            </line>
            <line>
              <![CDATA[Trying to click on: [[ChromeDriver: chrome on WINDOWS (db4021f6dcdf067ee33a28fd55defa53)] -> xpath: //span[@class='continue btn btn-default button exclusive-medium']//span[1]]]]>
            </line>
            <line>
              <![CDATA[Clicked on: [[ChromeDriver: chrome on WINDOWS (db4021f6dcdf067ee33a28fd55defa53)] -> xpath: //span[@class='continue btn btn-default button exclusive-medium']//span[1]]]]>
            </line>
            <line>
              <![CDATA[Trying to find Element By : By.xpath: //li[@class='ajax_block_product col-xs-12 col-sm-6 col-md-4 last-item-of-tablet-line']//a[@class='product_img_link']]]>
            </line>
            <line>
              <![CDATA[Found Element By : By.xpath: //li[@class='ajax_block_product col-xs-12 col-sm-6 col-md-4 last-item-of-tablet-line']//a[@class='product_img_link']]]>
            </line>
            <line>
              <![CDATA[Trying to find Element By : By.xpath: //li[2]//div[1]//div[2]//div[2]//a[1]//span[1]]]>
            </line>
            <line>
              <![CDATA[Found Element By : By.xpath: //li[2]//div[1]//div[2]//div[2]//a[1]//span[1]]]>
            </line>
            <line>
              <![CDATA[Trying to click on: [[ChromeDriver: chrome on WINDOWS (db4021f6dcdf067ee33a28fd55defa53)] -> xpath: //li[2]//div[1]//div[2]//div[2]//a[1]//span[1]]]]>
            </line>
            <line>
              <![CDATA[Clicked on: [[ChromeDriver: chrome on WINDOWS (db4021f6dcdf067ee33a28fd55defa53)] -> xpath: //li[2]//div[1]//div[2]//div[2]//a[1]//span[1]]]]>
            </line>
            <line>
              <![CDATA[Trying to find Element By : By.xpath: //span[@class='continue btn btn-default button exclusive-medium']//span[1]]]>
            </line>
            <line>
              <![CDATA[Found Element By : By.xpath: //span[@class='continue btn btn-default button exclusive-medium']//span[1]]]>
            </line>
            <line>
              <![CDATA[Trying to click on: [[ChromeDriver: chrome on WINDOWS (db4021f6dcdf067ee33a28fd55defa53)] -> xpath: //span[@class='continue btn btn-default button exclusive-medium']//span[1]]]]>
            </line>
            <line>
              <![CDATA[Clicked on: [[ChromeDriver: chrome on WINDOWS (db4021f6dcdf067ee33a28fd55defa53)] -> xpath: //span[@class='continue btn btn-default button exclusive-medium']//span[1]]]]>
            </line>
            <line>
              <![CDATA[Trying to find Element By : By.xpath: //b[contains(text(),'Cart')]]]>
            </line>
            <line>
              <![CDATA[Found Element By : By.xpath: //b[contains(text(),'Cart')]]]>
            </line>
            <line>
              <![CDATA[Trying to click on: [[ChromeDriver: chrome on WINDOWS (db4021f6dcdf067ee33a28fd55defa53)] -> xpath: //b[contains(text(),'Cart')]]]]>
            </line>
            <line>
              <![CDATA[Clicked on: [[ChromeDriver: chrome on WINDOWS (db4021f6dcdf067ee33a28fd55defa53)] -> xpath: //b[contains(text(),'Cart')]]]]>
            </line>
          </reporter-output>
        </test-method> <!-- BookingTest -->
        <test-method status="PASS" signature="PaymentTest()[pri:3, instance:com.AP.qa.test.TC005_Multiple_Products_WithoutLogin_Checkout@df27fae]" name="PaymentTest" duration-ms="65149" started-at="2020-04-07T22:13:22Z" depends-on-methods="com.AP.qa.test.TC005_Multiple_Products_WithoutLogin_Checkout.BookingTest" finished-at="2020-04-07T22:14:28Z">
          <reporter-output>
            <line>
              <![CDATA[Trying to find Element By : By.xpath: //span[@id='total_price']]]>
            </line>
            <line>
              <![CDATA[Found Element By : By.xpath: //span[@id='total_price']]]>
            </line>
            <line>
              <![CDATA[Trying to find Element By : By.xpath: //span[contains(@id,'total_product_price')]]]>
            </line>
            <line>
              <![CDATA[Found Element By : By.xpath: //span[contains(@id,'total_product_price')]]]>
            </line>
            <line>
              <![CDATA[Trying to find Element By : By.xpath: //span[contains(@id,'total_product_price')]]]>
            </line>
            <line>
              <![CDATA[Found Element By : By.xpath: //span[contains(@id,'total_product_price')]]]>
            </line>
            <line>
              <![CDATA[Trying to find Element By : By.xpath: //span[contains(@id,'total_product_price')]]]>
            </line>
            <line>
              <![CDATA[Found Element By : By.xpath: //span[contains(@id,'total_product_price')]]]>
            </line>
            <line>
              <![CDATA[Trying to find Element By : By.xpath: //span[contains(@id,'total_product_price')]]]>
            </line>
            <line>
              <![CDATA[Found Element By : By.xpath: //span[contains(@id,'total_product_price')]]]>
            </line>
            <line>
              <![CDATA[Trying to find Element By : By.xpath: //span[contains(@id,'total_product_price')]]]>
            </line>
            <line>
              <![CDATA[Found Element By : By.xpath: //span[contains(@id,'total_product_price')]]]>
            </line>
            <line>
              <![CDATA[Trying to find Element By : By.xpath: //td[@id='total_shipping']]]>
            </line>
            <line>
              <![CDATA[Found Element By : By.xpath: //td[@id='total_shipping']]]>
            </line>
            <line>
              <![CDATA[Trying to find Element By : By.xpath: //span[@id='total_price']]]>
            </line>
            <line>
              <![CDATA[Found Element By : By.xpath: //span[@id='total_price']]]>
            </line>
            <line>
              <![CDATA[Trying to find Element By : By.xpath: //a[@class='button btn btn-default standard-checkout button-medium']//span[contains(text(),'Proceed to checkout')]]]>
            </line>
            <line>
              <![CDATA[Found Element By : By.xpath: //a[@class='button btn btn-default standard-checkout button-medium']//span[contains(text(),'Proceed to checkout')]]]>
            </line>
            <line>
              <![CDATA[Trying to click on: [[ChromeDriver: chrome on WINDOWS (db4021f6dcdf067ee33a28fd55defa53)] -> xpath: //a[@class='button btn btn-default standard-checkout button-medium']//span[contains(text(),'Proceed to checkout')]]]]>
            </line>
            <line>
              <![CDATA[Clicked on: [[ChromeDriver: chrome on WINDOWS (db4021f6dcdf067ee33a28fd55defa53)] -> xpath: //a[@class='button btn btn-default standard-checkout button-medium']//span[contains(text(),'Proceed to checkout')]]]]>
            </line>
            <line>
              <![CDATA[Trying to find Element By : By.xpath: //input[@id='email']]]>
            </line>
            <line>
              <![CDATA[Found Element By : By.xpath: //input[@id='email']]]>
            </line>
            <line>
              <![CDATA[Trying to find Element By : By.xpath: //input[@id='passwd']]]>
            </line>
            <line>
              <![CDATA[Found Element By : By.xpath: //input[@id='passwd']]]>
            </line>
            <line>
              <![CDATA[Trying to find Element By : By.xpath: //button[@id='SubmitLogin']]]>
            </line>
            <line>
              <![CDATA[Found Element By : By.xpath: //button[@id='SubmitLogin']]]>
            </line>
            <line>
              <![CDATA[Trying to click on: [[ChromeDriver: chrome on WINDOWS (db4021f6dcdf067ee33a28fd55defa53)] -> xpath: //button[@id='SubmitLogin']]]]>
            </line>
            <line>
              <![CDATA[Clicked on: [[ChromeDriver: chrome on WINDOWS (db4021f6dcdf067ee33a28fd55defa53)] -> xpath: //button[@id='SubmitLogin']]]]>
            </line>
            <line>
              <![CDATA[Trying to find Element By : By.xpath: //span[contains(text(),'sunil jaiswal')]]]>
            </line>
            <line>
              <![CDATA[Found Element By : By.xpath: //span[contains(text(),'sunil jaiswal')]]]>
            </line>
            <line>
              <![CDATA[Successful logging with username -  sunjai190688@gmail.com]]>
            </line>
            <line>
              <![CDATA[Trying to find Element By : By.xpath: //button[@name='processAddress']//span[contains(text(),'Proceed to checkout')]]]>
            </line>
            <line>
              <![CDATA[Found Element By : By.xpath: //button[@name='processAddress']//span[contains(text(),'Proceed to checkout')]]]>
            </line>
            <line>
              <![CDATA[Trying to click on: [[ChromeDriver: chrome on WINDOWS (db4021f6dcdf067ee33a28fd55defa53)] -> xpath: //button[@name='processAddress']//span[contains(text(),'Proceed to checkout')]]]]>
            </line>
            <line>
              <![CDATA[Clicked on: [[ChromeDriver: chrome on WINDOWS (db4021f6dcdf067ee33a28fd55defa53)] -> xpath: //button[@name='processAddress']//span[contains(text(),'Proceed to checkout')]]]]>
            </line>
            <line>
              <![CDATA[Trying to find Element By : By.xpath: //input[@id='cgv']]]>
            </line>
            <line>
              <![CDATA[Found Element By : By.xpath: //input[@id='cgv']]]>
            </line>
            <line>
              <![CDATA[Trying to click on: [[ChromeDriver: chrome on WINDOWS (db4021f6dcdf067ee33a28fd55defa53)] -> xpath: //input[@id='cgv']]]]>
            </line>
            <line>
              <![CDATA[Clicked on: [[ChromeDriver: chrome on WINDOWS (db4021f6dcdf067ee33a28fd55defa53)] -> xpath: //input[@id='cgv']]]]>
            </line>
            <line>
              <![CDATA[Trying to find Element By : By.xpath: //button[@name='processCarrier']//span[contains(text(),'Proceed to checkout')]]]>
            </line>
            <line>
              <![CDATA[Found Element By : By.xpath: //button[@name='processCarrier']//span[contains(text(),'Proceed to checkout')]]]>
            </line>
            <line>
              <![CDATA[Trying to click on: [[ChromeDriver: chrome on WINDOWS (db4021f6dcdf067ee33a28fd55defa53)] -> xpath: //button[@name='processCarrier']//span[contains(text(),'Proceed to checkout')]]]]>
            </line>
            <line>
              <![CDATA[Clicked on: [[ChromeDriver: chrome on WINDOWS (db4021f6dcdf067ee33a28fd55defa53)] -> xpath: //button[@name='processCarrier']//span[contains(text(),'Proceed to checkout')]]]]>
            </line>
            <line>
              <![CDATA[Trying to find Element By : By.xpath: //a[@class='bankwire']]]>
            </line>
            <line>
              <![CDATA[Found Element By : By.xpath: //a[@class='bankwire']]]>
            </line>
            <line>
              <![CDATA[Trying to click on: [[ChromeDriver: chrome on WINDOWS (db4021f6dcdf067ee33a28fd55defa53)] -> xpath: //a[@class='bankwire']]]]>
            </line>
            <line>
              <![CDATA[Clicked on: [[ChromeDriver: chrome on WINDOWS (db4021f6dcdf067ee33a28fd55defa53)] -> xpath: //a[@class='bankwire']]]]>
            </line>
            <line>
              <![CDATA[Trying to find Element By : By.xpath: //span[contains(text(),'I confirm my order')]]]>
            </line>
            <line>
              <![CDATA[Found Element By : By.xpath: //span[contains(text(),'I confirm my order')]]]>
            </line>
            <line>
              <![CDATA[Trying to click on: [[ChromeDriver: chrome on WINDOWS (db4021f6dcdf067ee33a28fd55defa53)] -> xpath: //span[contains(text(),'I confirm my order')]]]]>
            </line>
            <line>
              <![CDATA[Clicked on: [[ChromeDriver: chrome on WINDOWS (db4021f6dcdf067ee33a28fd55defa53)] -> xpath: //span[contains(text(),'I confirm my order')]]]]>
            </line>
            <line>
              <![CDATA[Trying to find Element By : By.xpath: //span[@class='price']]]>
            </line>
            <line>
              <![CDATA[Found Element By : By.xpath: //span[@class='price']]]>
            </line>
            <line>
              <![CDATA[Successfully validated the order amount -$78.99]]>
            </line>
            <line>
              <![CDATA[Trying to find Element By : By.xpath: //span[@class='price']]]>
            </line>
            <line>
              <![CDATA[Found Element By : By.xpath: //span[@class='price']]]>
            </line>
            <line>
              <![CDATA[Trying to find Element By : By.xpath: //strong[contains(text(),'Your order on My Store is complete.')]]]>
            </line>
            <line>
              <![CDATA[Found Element By : By.xpath: //strong[contains(text(),'Your order on My Store is complete.')]]]>
            </line>
            <line>
              <![CDATA[Payment successfull of amount -$78.99]]>
            </line>
          </reporter-output>
        </test-method> <!-- PaymentTest -->
        <test-method status="PASS" signature="Flush()[pri:0, instance:com.AP.qa.test.TC005_Multiple_Products_WithoutLogin_Checkout@df27fae]" name="Flush" is-config="true" duration-ms="10761" started-at="2020-04-07T22:14:28Z" finished-at="2020-04-07T22:14:38Z">
          <reporter-output>
            <line>
              <![CDATA[Trying to find Element By : By.xpath: //a[@class='logout']]]>
            </line>
            <line>
              <![CDATA[Found Element By : By.xpath: //a[@class='logout']]]>
            </line>
            <line>
              <![CDATA[Trying to click on: [[ChromeDriver: chrome on WINDOWS (db4021f6dcdf067ee33a28fd55defa53)] -> xpath: //a[@class='logout']]]]>
            </line>
            <line>
              <![CDATA[Clicked on: [[ChromeDriver: chrome on WINDOWS (db4021f6dcdf067ee33a28fd55defa53)] -> xpath: //a[@class='logout']]]]>
            </line>
            <line>
              <![CDATA[Trying to find Element By : By.xpath: //div[@class='header_user_info']]]>
            </line>
            <line>
              <![CDATA[Found Element By : By.xpath: //div[@class='header_user_info']]]>
            </line>
            <line>
              <![CDATA[Logout successfull]]>
            </line>
          </reporter-output>
        </test-method> <!-- Flush -->
        <test-method status="PASS" signature="CloseBrowser()[pri:0, instance:com.AP.qa.test.TC005_Multiple_Products_WithoutLogin_Checkout@df27fae]" name="CloseBrowser" is-config="true" duration-ms="0" started-at="2020-04-07T22:14:38Z" finished-at="2020-04-07T22:14:38Z">
          <reporter-output>
          </reporter-output>
        </test-method> <!-- CloseBrowser -->
      </class> <!-- com.AP.qa.test.TC005_Multiple_Products_WithoutLogin_Checkout -->
    </test> <!-- Test4 -->
  </suite> <!-- Suite -->
</testng-results>
